\BOOKMARK [0][-]{dummy.1}{\376\377\000C\000o\000p\000y\000r\000i\000g\000h\000t\000\040\000n\000o\000t\000i\000c\000e}{}% 1
\BOOKMARK [0][-]{dummy.2}{\376\377\000A\000b\000s\000t\000r\000a\000c\000t}{}% 2
\BOOKMARK [0][-]{dummy.3}{\376\377\000D\000e\000c\000l\000a\000r\000a\000t\000i\000o\000n}{}% 3
\BOOKMARK [0][-]{dummy.4}{\376\377\000T\000h\000e\000s\000i\000s\000\040\000i\000n\000c\000l\000u\000d\000i\000n\000g\000\040\000p\000u\000b\000l\000i\000s\000h\000e\000d\000\040\000w\000o\000r\000k\000s\000\040\000d\000e\000c\000l\000a\000r\000a\000t\000i\000o\000n}{}% 4
\BOOKMARK [0][-]{dummy.5}{\376\377\000P\000u\000b\000l\000i\000c\000a\000t\000i\000o\000n\000s\000\040\000d\000u\000r\000i\000n\000g\000\040\000e\000n\000r\000o\000l\000m\000e\000n\000t}{}% 5
\BOOKMARK [0][-]{dummy.6}{\376\377\000A\000c\000k\000n\000o\000w\000l\000e\000d\000g\000e\000m\000e\000n\000t\000s}{}% 6
\BOOKMARK [0][-]{dummy.8}{\376\377\000L\000i\000s\000t\000\040\000o\000f\000\040\000F\000i\000g\000u\000r\000e\000s}{}% 7
\BOOKMARK [0][-]{dummy.10}{\376\377\000L\000i\000s\000t\000\040\000o\000f\000\040\000T\000a\000b\000l\000e\000s}{}% 8
\BOOKMARK [0][-]{dummy.12}{\376\377\000A\000b\000b\000r\000e\000v\000i\000a\000t\000i\000o\000n\000s}{}% 9
\BOOKMARK [0][-]{chapter.15}{\376\377\0001\000\040\000I\000n\000t\000r\000o\000d\000u\000c\000t\000i\000o\000n}{}% 10
\BOOKMARK [1][-]{section.18}{\376\377\0001\000.\0001\000\040\000A\000n\000\040\000i\000n\000t\000r\000o\000d\000u\000c\000t\000i\000o\000n\000\040\000t\000o\000\040\000t\000h\000e\000\040\000o\000b\000s\000e\000r\000v\000a\000t\000i\000o\000n\000\040\000o\000f\000\040\000s\000t\000e\000l\000l\000a\000r\000\040\000r\000o\000t\000a\000t\000i\000o\000n}{chapter.15}% 11
\BOOKMARK [2][-]{subsection.19}{\376\377\0001\000.\0001\000.\0001\000\040\000C\000l\000a\000s\000s\000i\000c\000a\000l\000\040\000o\000b\000s\000e\000r\000v\000a\000t\000i\000o\000n\000s\000\040\000o\000f\000\040\000r\000o\000t\000a\000t\000i\000o\000n}{section.18}% 12
\BOOKMARK [2][-]{subsection.27}{\376\377\0001\000.\0001\000.\0002\000\040\000M\000o\000d\000e\000r\000n\000\040\000o\000b\000s\000e\000r\000v\000a\000t\000i\000o\000n\000s\000\040\000o\000f\000\040\000r\000o\000t\000a\000t\000i\000o\000n}{section.18}% 13
\BOOKMARK [1][-]{section.31}{\376\377\0001\000.\0002\000\040\000E\000v\000o\000l\000u\000t\000i\000o\000n\000\040\000o\000f\000\040\000R\000o\000t\000a\000t\000i\000o\000n}{chapter.15}% 14
\BOOKMARK [2][-]{subsection.32}{\376\377\0001\000.\0002\000.\0001\000\040\000F\000r\000o\000m\000\040\000b\000i\000r\000t\000h\000\040\000t\000o\000\040\000t\000h\000e\000\040\000t\000e\000r\000m\000i\000n\000a\000l\000\040\000a\000g\000e\000\040\000m\000a\000i\000n\000\040\000s\000e\000q\000u\000e\000n\000c\000e}{section.31}% 15
\BOOKMARK [2][-]{subsection.39}{\376\377\0001\000.\0002\000.\0002\000\040\000P\000o\000s\000t\000-\000m\000a\000i\000n\000\040\000s\000e\000q\000u\000e\000n\000c\000e}{section.31}% 16
\BOOKMARK [2][-]{subsection.49}{\376\377\0001\000.\0002\000.\0003\000\040\000E\000f\000f\000e\000c\000t\000s\000\040\000o\000f\000\040\000r\000o\000t\000a\000t\000i\000o\000n\000\040\000o\000n\000\040\000l\000o\000w\000-\000m\000a\000s\000s\000\040\000e\000v\000o\000l\000u\000t\000i\000o\000n}{section.31}% 17
\BOOKMARK [1][-]{section.52}{\376\377\0001\000.\0003\000\040\000M\000e\000a\000s\000u\000r\000i\000n\000g\000\040\000r\000o\000t\000a\000t\000i\000o\000n\000\040\000i\000n\000\040\000l\000o\000w\000-\000m\000a\000s\000s\000\040\000s\000t\000a\000r\000s}{chapter.15}% 18
\BOOKMARK [2][-]{subsection.53}{\376\377\0001\000.\0003\000.\0001\000\040\000P\000e\000r\000i\000o\000d\000i\000c\000\040\000b\000r\000i\000g\000h\000t\000n\000e\000s\000s\000\040\000v\000a\000r\000i\000a\000t\000i\000o\000n\000s\000\040\000d\000u\000e\000\040\000t\000o\000\040\000s\000t\000e\000l\000l\000a\000r\000\040\000s\000p\000o\000t\000s}{section.52}% 19
\BOOKMARK [2][-]{subsection.62}{\376\377\0001\000.\0003\000.\0002\000\040\000A\000s\000t\000e\000r\000o\000s\000e\000i\000s\000m\000i\000c\000\040\000m\000e\000a\000s\000u\000r\000e\000m\000e\000n\000t\000\040\000o\000f\000\040\000r\000o\000t\000a\000t\000i\000o\000n}{section.52}% 20
\BOOKMARK [2][-]{subsection.75}{\376\377\0001\000.\0003\000.\0003\000\040\000S\000p\000e\000c\000t\000r\000o\000s\000c\000o\000p\000i\000c\000\040\000v\000\040\000s\000i\000n\000i}{section.52}% 21
\BOOKMARK [0][-]{chapter.76}{\376\377\0002\000\040\000C\000o\000n\000s\000t\000r\000a\000i\000n\000i\000n\000g\000\040\000t\000h\000e\000\040\000R\000o\000t\000a\000t\000i\000o\000n\000\040\000P\000r\000o\000f\000i\000l\000e\000\040\000i\000n\000\040\000a\000\040\000L\000o\000w\000-\000L\000u\000m\000i\000n\000o\000s\000i\000t\000y\000\040\000S\000u\000b\000g\000i\000a\000n\000t\000\040\000w\000i\000t\000h\000\040\000a\000\040\000S\000u\000r\000f\000a\000c\000e\000\040\000R\000o\000t\000a\000t\000i\000o\000n\000\040\000M\000e\000a\000s\000u\000r\000e\000m\000e\000n\000t}{}% 22
\BOOKMARK [1][-]{section.78}{\376\377\0002\000.\0001\000\040\000I\000n\000t\000r\000o\000d\000u\000c\000t\000i\000o\000n}{chapter.76}% 23
\BOOKMARK [1][-]{section.79}{\376\377\0002\000.\0002\000\040\000M\000e\000t\000h\000o\000d\000\040\000a\000n\000d\000\040\000R\000e\000s\000u\000l\000t\000s}{chapter.76}% 24
\BOOKMARK [2][-]{subsection.80}{\376\377\0002\000.\0002\000.\0001\000\040\000R\000o\000t\000a\000t\000i\000o\000n\000a\000l\000\040\000S\000p\000l\000i\000t\000t\000i\000n\000g\000s}{section.79}% 25
\BOOKMARK [2][-]{subsection.81}{\376\377\0002\000.\0002\000.\0002\000\040\000F\000o\000r\000w\000a\000r\000d\000\040\000M\000o\000d\000e\000l}{section.79}% 26
\BOOKMARK [1][-]{section.82}{\376\377\0002\000.\0003\000\040\000R\000e\000s\000u\000l\000t\000s}{chapter.76}% 27
\BOOKMARK [2][-]{subsection.83}{\376\377\0002\000.\0003\000.\0001\000\040\000M\000o\000c\000k\000\040\000d\000a\000t\000a\000\040\000e\000x\000p\000e\000r\000i\000m\000e\000n\000t\000s\000\040\000w\000i\000t\000h\000\040\000t\000h\000r\000e\000e\000\040\000h\000y\000p\000o\000t\000h\000e\000t\000i\000c\000a\000l\000\040\000r\000o\000t\000a\000t\000i\000o\000n\000\040\000p\000r\000o\000f\000i\000l\000e\000s}{section.82}% 28
\BOOKMARK [2][-]{subsection.87}{\376\377\0002\000.\0003\000.\0002\000\040\000K\000I\000C\000\040\0001\0002\0005\0000\0008\0004\0003\0003}{section.82}% 29
\BOOKMARK [1][-]{section.88}{\376\377\0002\000.\0004\000\040\000D\000i\000s\000c\000u\000s\000s\000i\000o\000n}{chapter.76}% 30
\BOOKMARK [1][-]{section.90}{\376\377\0002\000.\0005\000\040\000C\000o\000n\000c\000l\000u\000s\000i\000o\000n\000s}{chapter.76}% 31
\BOOKMARK [0][-]{chapter.100}{\376\377\0003\000\040\000S\000t\000e\000l\000l\000a\000r\000\040\000s\000p\000o\000t\000s\000\040\000c\000a\000u\000s\000e\000\040\000m\000e\000a\000s\000u\000r\000a\000b\000l\000e\000\040\000v\000a\000r\000i\000a\000t\000i\000o\000n\000s\000\040\000i\000n\000\040\000a\000t\000m\000o\000s\000p\000h\000e\000r\000i\000c\000\040\000m\000e\000t\000a\000l\000l\000i\000c\000i\000t\000y}{}% 32
\BOOKMARK [1][-]{section.102}{\376\377\0003\000.\0001\000\040\000I\000n\000t\000r\000o\000d\000u\000c\000t\000i\000o\000n}{chapter.100}% 33
\BOOKMARK [1][-]{section.103}{\376\377\0003\000.\0002\000\040\000M\000e\000t\000h\000o\000d}{chapter.100}% 34
\BOOKMARK [2][-]{subsection.104}{\376\377\0003\000.\0002\000.\0001\000\040\000S\000t\000e\000l\000l\000a\000r\000\040\000p\000a\000r\000a\000m\000e\000t\000e\000r\000s\000\040\000f\000o\000r\000\040\000a\000\040\000p\000o\000p\000u\000l\000a\000t\000i\000o\000n\000\040\000o\000f\000\040\000f\000a\000k\000e\000\040\000s\000t\000a\000r\000s}{section.103}% 35
\BOOKMARK [2][-]{subsection.106}{\376\377\0003\000.\0002\000.\0002\000\040\000S\000p\000o\000t\000t\000e\000d\000\040\000s\000p\000e\000c\000t\000r\000u\000m\000\040\000g\000e\000n\000e\000r\000a\000t\000i\000v\000e\000\040\000m\000o\000d\000e\000l}{section.103}% 36
\BOOKMARK [1][-]{section.108}{\376\377\0003\000.\0003\000\040\000R\000e\000s\000u\000l\000t\000s}{chapter.100}% 37
\BOOKMARK [1][-]{section.110}{\376\377\0003\000.\0004\000\040\000D\000i\000s\000c\000u\000s\000s\000i\000o\000n}{chapter.100}% 38
\BOOKMARK [2][-]{subsection.111}{\376\377\0003\000.\0004\000.\0001\000\040\000I\000m\000p\000e\000r\000f\000e\000c\000t\000\040\000m\000o\000d\000e\000l\000s}{section.110}% 39
\BOOKMARK [2][-]{subsection.114}{\376\377\0003\000.\0004\000.\0002\000\040\000W\000h\000e\000n\000\040\000s\000h\000o\000u\000l\000d\000\040\000a\000\040\000s\000p\000o\000t\000t\000e\000d\000\040\000m\000o\000d\000e\000l\000\040\000o\000f\000\040\000t\000h\000e\000\040\000s\000t\000e\000l\000l\000a\000r\000\040\000a\000t\000m\000o\000s\000p\000h\000e\000r\000e\000\040\000b\000e\000\040\000e\000m\000p\000l\000o\000y\000e\000d\000?}{section.110}% 40
\BOOKMARK [1][-]{section.116}{\376\377\0003\000.\0005\000\040\000C\000o\000n\000c\000l\000u\000s\000i\000o\000n\000s}{chapter.100}% 41
\BOOKMARK [0][-]{chapter.118}{\376\377\0004\000\040\000T\000h\000e\000\040\000I\000n\000t\000e\000r\000m\000e\000d\000i\000a\000t\000e\000\040\000P\000e\000r\000i\000o\000d\000\040\000G\000a\000p}{}% 42
\BOOKMARK [1][-]{section.120}{\376\377\0004\000.\0001\000\040\000I\000n\000t\000r\000o\000d\000u\000c\000t\000i\000o\000n}{chapter.118}% 43
\BOOKMARK [1][-]{section.122}{\376\377\0004\000.\0002\000\040\000S\000t\000e\000l\000l\000a\000r\000\040\000m\000a\000g\000n\000e\000t\000i\000c\000\040\000a\000c\000t\000i\000v\000i\000t\000y\000\040\000i\000n\000d\000i\000c\000a\000t\000o\000r\000s}{chapter.118}% 44
\BOOKMARK [1][-]{section.124}{\376\377\0004\000.\0003\000\040\000T\000h\000e\000\040\000g\000a\000p\000\040\000a\000l\000i\000g\000n\000s\000\040\000w\000i\000t\000h\000\040\000a\000\040\000m\000i\000n\000i\000m\000a\000\040\000i\000n\000\040\000p\000h\000o\000t\000o\000m\000e\000t\000r\000i\000c\000\040\000v\000a\000r\000i\000a\000b\000i\000l\000i\000t\000y}{chapter.118}% 45
\BOOKMARK [1][-]{section.131}{\376\377\0004\000.\0004\000\040\000T\000h\000e\000\040\000g\000a\000p\000\040\000a\000l\000i\000g\000n\000s\000\040\000w\000i\000t\000h\000\040\000a\000\040\000m\000i\000n\000i\000m\000a\000\040\000i\000n\000\040\000l\000o\000g\000R\000+\000H\000K\000\040}{chapter.118}% 46
\BOOKMARK [1][-]{section.134}{\376\377\0004\000.\0005\000\040\000I\000s\000\040\000t\000h\000e\000r\000e\000\040\000a\000\040\000s\000a\000m\000p\000l\000e\000\040\000o\000f\000\040\000l\000o\000w\000-\000m\000a\000g\000n\000e\000t\000i\000c\000\040\000a\000c\000t\000i\000v\000i\000t\000y\000\040\000s\000t\000a\000r\000s\000\040\000w\000i\000t\000h\000o\000u\000t\000\040\000r\000o\000t\000a\000t\000i\000o\000n\000a\000l\000\040\000p\000e\000r\000i\000o\000d\000\040\000d\000e\000t\000e\000c\000t\000i\000o\000n\000?}{chapter.118}% 47
\BOOKMARK [1][-]{section.142}{\376\377\0004\000.\0006\000\040\000L\000a\000t\000i\000t\000u\000d\000i\000n\000a\000l\000\040\000d\000i\000f\000f\000e\000r\000e\000n\000t\000i\000a\000l\000\040\000r\000o\000t\000a\000t\000i\000o\000n}{chapter.118}% 48
\BOOKMARK [1][-]{section.154}{\376\377\0004\000.\0007\000\040\000S\000u\000m\000m\000a\000r\000y\000,\000\040\000D\000i\000s\000c\000u\000s\000s\000i\000o\000n\000,\000\040\000a\000n\000d\000\040\000F\000u\000t\000u\000r\000e\000\040\000W\000o\000r\000k}{chapter.118}% 49
\BOOKMARK [0][-]{chapter.156}{\376\377\0005\000\040\000S\000u\000m\000m\000a\000r\000y\000,\000\040\000C\000o\000n\000c\000l\000u\000s\000i\000o\000n\000s\000\040\000a\000n\000d\000\040\000F\000u\000t\000u\000r\000e\000\040\000W\000o\000r\000k}{}% 50
\BOOKMARK [1][-]{section.157}{\376\377\0005\000.\0001\000\040\000S\000u\000m\000m\000a\000r\000y}{chapter.156}% 51
\BOOKMARK [1][-]{section.158}{\376\377\0005\000.\0002\000\040\000C\000o\000n\000c\000l\000u\000s\000i\000o\000n\000s}{chapter.156}% 52
\BOOKMARK [1][-]{section.160}{\376\377\0005\000.\0003\000\040\000F\000u\000t\000u\000r\000e\000\040\000W\000o\000r\000k}{chapter.156}% 53
\BOOKMARK [2][-]{subsection.161}{\376\377\0005\000.\0003\000.\0001\000\040\000A\000p\000p\000l\000i\000c\000a\000t\000i\000o\000n\000s\000\040\000o\000f\000\040\000o\000u\000r\000\040\000w\000o\000r\000k}{section.160}% 54
\BOOKMARK [2][-]{subsection.162}{\376\377\0005\000.\0003\000.\0002\000\040\000T\000h\000e\000\040\000f\000u\000t\000u\000r\000e\000\040\000o\000f\000\040\000a\000s\000t\000e\000r\000o\000s\000e\000i\000s\000m\000o\000l\000o\000g\000y\000\040\000a\000n\000d\000\040\000o\000b\000s\000e\000r\000v\000a\000t\000i\000o\000n\000\040\000o\000f\000\040\000s\000t\000e\000l\000l\000a\000r\000\040\000r\000o\000t\000a\000t\000i\000o\000n\000\040\000t\000h\000r\000o\000u\000g\000h\000\040\000p\000h\000o\000t\000o\000m\000e\000t\000r\000i\000c\000\040\000m\000o\000d\000u\000l\000a\000t\000i\000o\000n}{section.160}% 55
