This is pdfTeX, Version 3.141592653-2.6-1.40.24 (TeX Live 2022) (preloaded format=pdflatex 2023.2.3)  8 AUG 2023 02:44
entering extended mode
 restricted \write18 enabled.
 %&-line parsing enabled.
**Thesis.tex
(./Thesis.tex
LaTeX2e <2021-11-15> patch level 1
L3 programming layer <2022-02-24> (./Thesis.cls
Document Class: Thesis 2007/22/02 v1.0 LaTeX document class
(/usr/local/texlive/2022/texmf-dist/tex/latex/base/book.cls
Document Class: book 2021/10/04 v1.4n Standard LaTeX document class
(/usr/local/texlive/2022/texmf-dist/tex/latex/base/bk11.clo
File: bk11.clo 2021/10/04 v1.4n Standard LaTeX file (size option)
)
\c@part=\count185
\c@chapter=\count186
\c@section=\count187
\c@subsection=\count188
\c@subsubsection=\count189
\c@paragraph=\count190
\c@subparagraph=\count191
\c@figure=\count192
\c@table=\count193
\abovecaptionskip=\skip47
\belowcaptionskip=\skip48
\bibindent=\dimen138
)
(/usr/local/texlive/2022/texmf-dist/tex/latex/setspace/setspace.sty
Package: setspace 2011/12/19 v6.7a set line spacing
)
(/usr/local/texlive/2022/texmf-dist/tex/latex/vmargin/vmargin.sty
Package: vmargin 2004/07/15 V2.5 set document margins (VK)

Package: vmargin 2004/07/15 V2.5 set document margins (VK)
\PaperWidth=\dimen139
\PaperHeight=\dimen140
) (/usr/local/texlive/2022/texmf-dist/tex/latex/fancyhdr/fancyhdr.sty
Package: fancyhdr 2021/01/28 v4.0.1 Extensive control of page headers and foote
rs
\f@nch@headwidth=\skip49
\f@nch@O@elh=\skip50
\f@nch@O@erh=\skip51
\f@nch@O@olh=\skip52
\f@nch@O@orh=\skip53
\f@nch@O@elf=\skip54
\f@nch@O@erf=\skip55
\f@nch@O@olf=\skip56
\f@nch@O@orf=\skip57
)
(/usr/local/texlive/2022/texmf-dist/tex/latex/amsmath/amsmath.sty
Package: amsmath 2021/10/15 v2.17l AMS math features
\@mathmargin=\skip58

For additional information on amsmath, use the `?' option.
(/usr/local/texlive/2022/texmf-dist/tex/latex/amsmath/amstext.sty
Package: amstext 2021/08/26 v2.01 AMS text

(/usr/local/texlive/2022/texmf-dist/tex/latex/amsmath/amsgen.sty
File: amsgen.sty 1999/11/30 v2.0 generic functions
\@emptytoks=\toks16
\ex@=\dimen141
))
(/usr/local/texlive/2022/texmf-dist/tex/latex/amsmath/amsbsy.sty
Package: amsbsy 1999/11/29 v1.2d Bold Symbols
\pmbraise@=\dimen142
)
(/usr/local/texlive/2022/texmf-dist/tex/latex/amsmath/amsopn.sty
Package: amsopn 2021/08/26 v2.02 operator names
)
\inf@bad=\count194
LaTeX Info: Redefining \frac on input line 234.
\uproot@=\count195
\leftroot@=\count196
LaTeX Info: Redefining \overline on input line 399.
\classnum@=\count197
\DOTSCASE@=\count198
LaTeX Info: Redefining \ldots on input line 496.
LaTeX Info: Redefining \dots on input line 499.
LaTeX Info: Redefining \cdots on input line 620.
\Mathstrutbox@=\box50
\strutbox@=\box51
\big@size=\dimen143
LaTeX Font Info:    Redeclaring font encoding OML on input line 743.
LaTeX Font Info:    Redeclaring font encoding OMS on input line 744.
\macc@depth=\count199
\c@MaxMatrixCols=\count266
\dotsspace@=\muskip16
\c@parentequation=\count267
\dspbrk@lvl=\count268
\tag@help=\toks17
\row@=\count269
\column@=\count270
\maxfields@=\count271
\andhelp@=\toks18
\eqnshift@=\dimen144
\alignsep@=\dimen145
\tagshift@=\dimen146
\tagwidth@=\dimen147
\totwidth@=\dimen148
\lineht@=\dimen149
\@envbody=\toks19
\multlinegap=\skip59
\multlinetaggap=\skip60
\mathdisplay@stack=\toks20
LaTeX Info: Redefining \[ on input line 2938.
LaTeX Info: Redefining \] on input line 2939.
)
(/usr/local/texlive/2022/texmf-dist/tex/latex/amsfonts/amsfonts.sty
Package: amsfonts 2013/01/14 v3.01 Basic AMSFonts support
\symAMSa=\mathgroup4
\symAMSb=\mathgroup5
LaTeX Font Info:    Redeclaring math symbol \hbar on input line 98.
LaTeX Font Info:    Overwriting math alphabet `\mathfrak' in version `bold'
(Font)                  U/euf/m/n --> U/euf/b/n on input line 106.
)
(/usr/local/texlive/2022/texmf-dist/tex/latex/amsfonts/amssymb.sty
Package: amssymb 2013/01/14 v3.01 AMS font symbols
)
(/usr/local/texlive/2022/texmf-dist/tex/latex/amsmath/amscd.sty
Package: amscd 2017/04/14 v2.1 AMS Commutative Diagrams
\athelp@=\toks21
\minaw@=\dimen150
\bigaw@=\dimen151
\minCDarrowwidth=\dimen152
)
(/usr/local/texlive/2022/texmf-dist/tex/latex/amscls/amsthm.sty
Package: amsthm 2020/05/29 v2.20.6
\thm@style=\toks22
\thm@bodyfont=\toks23
\thm@headfont=\toks24
\thm@notefont=\toks25
\thm@headpunct=\toks26
\thm@preskip=\skip61
\thm@postskip=\skip62
\thm@headsep=\skip63
\dth@everypar=\toks27
)
(/usr/local/texlive/2022/texmf-dist/tex/latex/tools/xspace.sty
Package: xspace 2014/10/28 v1.13 Space after command names (DPC,MH)
)
\c@example=\count272
\c@theorem=\count273

(/usr/local/texlive/2022/texmf-dist/tex/latex/caption/caption.sty
Package: caption 2022/03/01 v3.6b Customizing captions (AR)

(/usr/local/texlive/2022/texmf-dist/tex/latex/caption/caption3.sty
Package: caption3 2022/03/17 v2.3b caption3 kernel (AR)

(/usr/local/texlive/2022/texmf-dist/tex/latex/graphics/keyval.sty
Package: keyval 2014/10/28 v1.15 key=value parser (DPC)
\KV@toks@=\toks28
)
\caption@tempdima=\dimen153
\captionmargin=\dimen154
\caption@leftmargin=\dimen155
\caption@rightmargin=\dimen156
\caption@width=\dimen157
\caption@indent=\dimen158
\caption@parindent=\dimen159
\caption@hangindent=\dimen160
Package caption Info: Standard document class detected.
)
\c@caption@flags=\count274
\c@continuedfloat=\count275
)
(/usr/local/texlive/2022/texmf-dist/tex/latex/graphics/graphicx.sty
Package: graphicx 2021/09/16 v1.2d Enhanced LaTeX Graphics (DPC,SPQR)

(/usr/local/texlive/2022/texmf-dist/tex/latex/graphics/graphics.sty
Package: graphics 2021/03/04 v1.4d Standard LaTeX Graphics (DPC,SPQR)

(/usr/local/texlive/2022/texmf-dist/tex/latex/graphics/trig.sty
Package: trig 2021/08/11 v1.11 sin cos tan (DPC)
)
(/usr/local/texlive/2022/texmf-dist/tex/latex/graphics-cfg/graphics.cfg
File: graphics.cfg 2016/06/04 v1.11 sample graphics configuration
)
Package graphics Info: Driver file: pdftex.def on input line 107.

(/usr/local/texlive/2022/texmf-dist/tex/latex/graphics-def/pdftex.def
File: pdftex.def 2020/10/05 v1.2a Graphics/color driver for pdftex
))
\Gin@req@height=\dimen161
\Gin@req@width=\dimen162
)
(/usr/local/texlive/2022/texmf-dist/tex/latex/epstopdf-pkg/epstopdf.sty
Package: epstopdf 2020-01-24 v2.11 Conversion with epstopdf on the fly (HO)

(/usr/local/texlive/2022/texmf-dist/tex/generic/infwarerr/infwarerr.sty
Package: infwarerr 2019/12/03 v1.5 Providing info/warning/error messages (HO)
)
(/usr/local/texlive/2022/texmf-dist/tex/latex/grfext/grfext.sty
Package: grfext 2019/12/03 v1.3 Manage graphics extensions (HO)

(/usr/local/texlive/2022/texmf-dist/tex/generic/kvdefinekeys/kvdefinekeys.sty
Package: kvdefinekeys 2019-12-19 v1.6 Define keys (HO)
)) (/usr/local/texlive/2022/texmf-dist/tex/latex/kvoptions/kvoptions.sty
Package: kvoptions 2020-10-07 v3.14 Key value format for package options (HO)

(/usr/local/texlive/2022/texmf-dist/tex/generic/ltxcmds/ltxcmds.sty
Package: ltxcmds 2020-05-10 v1.25 LaTeX kernel commands for general use (HO)
)
(/usr/local/texlive/2022/texmf-dist/tex/generic/kvsetkeys/kvsetkeys.sty
Package: kvsetkeys 2019/12/15 v1.18 Key value parser (HO)
))
(/usr/local/texlive/2022/texmf-dist/tex/generic/pdftexcmds/pdftexcmds.sty
Package: pdftexcmds 2020-06-27 v0.33 Utility functions of pdfTeX for LuaTeX (HO
)

(/usr/local/texlive/2022/texmf-dist/tex/generic/iftex/iftex.sty
Package: iftex 2022/02/03 v1.0f TeX engine tests
)
Package pdftexcmds Info: \pdf@primitive is available.
Package pdftexcmds Info: \pdf@ifprimitive is available.
Package pdftexcmds Info: \pdfdraftmode found.
)
(/usr/local/texlive/2022/texmf-dist/tex/latex/epstopdf-pkg/epstopdf-base.sty
Package: epstopdf-base 2020-01-24 v2.11 Base part for package epstopdf
Package epstopdf-base Info: Redefining graphics rule for `.eps' on input line 4
85.
Package grfext Info: Graphics extension search list:
(grfext)             [.pdf,.png,.jpg,.mps,.jpeg,.jbig2,.jb2,.PDF,.PNG,.JPG,.JPE
G,.JBIG2,.JB2,.eps]
(grfext)             \AppendGraphicsExtensions on input line 504.

(/usr/local/texlive/2022/texmf-dist/tex/latex/latexconfig/epstopdf-sys.cfg
File: epstopdf-sys.cfg 2010/07/13 v1.3 Configuration of (r)epstopdf for TeX Liv
e
)))
(/usr/local/texlive/2022/texmf-dist/tex/latex/subfigure/subfigure.sty
Package: subfigure 2002/03/15 v2.1.5 subfigure package
\subfigtopskip=\skip64
\subfigcapskip=\skip65
\subfigcaptopadj=\dimen163
\subfigbottomskip=\skip66
\subfigcapmargin=\dimen164
\subfiglabelskip=\skip67
\c@subfigure=\count276
\c@lofdepth=\count277
\c@subtable=\count278
\c@lotdepth=\count279

****************************************
* Local config file subfigure.cfg used *
****************************************
(/usr/local/texlive/2022/texmf-dist/tex/latex/subfigure/subfigure.cfg)
\subfig@top=\skip68
\subfig@bottom=\skip69
)
(/usr/local/texlive/2022/texmf-dist/tex/latex/booktabs/booktabs.sty
Package: booktabs 2020/01/12 v1.61803398 Publication quality tables
\heavyrulewidth=\dimen165
\lightrulewidth=\dimen166
\cmidrulewidth=\dimen167
\belowrulesep=\dimen168
\belowbottomsep=\dimen169
\aboverulesep=\dimen170
\abovetopsep=\dimen171
\cmidrulesep=\dimen172
\cmidrulekern=\dimen173
\defaultaddspace=\dimen174
\@cmidla=\count280
\@cmidlb=\count281
\@aboverulesep=\dimen175
\@belowrulesep=\dimen176
\@thisruleclass=\count282
\@lastruleclass=\count283
\@thisrulewidth=\dimen177
)
(/usr/local/texlive/2022/texmf-dist/tex/latex/graphics/rotating.sty
Package: rotating 2016/08/11 v2.16d rotated objects in LaTeX

(/usr/local/texlive/2022/texmf-dist/tex/latex/base/ifthen.sty
Package: ifthen 2020/11/24 v1.1c Standard LaTeX ifthen package (DPC)
)
\c@r@tfl@t=\count284
\rotFPtop=\skip70
\rotFPbot=\skip71
\rot@float@box=\box52
\rot@mess@toks=\toks29
)
(/usr/local/texlive/2022/texmf-dist/tex/latex/listings/listings.sty
\lst@mode=\count285
\lst@gtempboxa=\box53
\lst@token=\toks30
\lst@length=\count286
\lst@currlwidth=\dimen178
\lst@column=\count287
\lst@pos=\count288
\lst@lostspace=\dimen179
\lst@width=\dimen180
\lst@newlines=\count289
\lst@lineno=\count290
\lst@maxwidth=\dimen181

(./lstpatch.sty

***
*** This is a patch for listings 1.3, but you're using
*** version 1.8d.
***
*** Patch file not loaded.
***

) (/usr/local/texlive/2022/texmf-dist/tex/latex/listings/lstmisc.sty
File: lstmisc.sty 2020/03/24 1.8d (Carsten Heinz)
\c@lstnumber=\count291
\lst@skipnumbers=\count292
\lst@framebox=\box54
)
(/usr/local/texlive/2022/texmf-dist/tex/latex/listings/listings.cfg
File: listings.cfg 2020/03/24 1.8d listings configuration
))
Package: listings 2020/03/24 1.8d (Carsten Heinz)

(./lstpatch.sty

***
*** This is a patch for listings 1.3, but you're using
*** version 1.8d.
***
 *** Patch file not loaded.
***

) (/usr/local/texlive/2022/texmf-dist/tex/latex/hyperref/hyperref.sty
Package: hyperref 2022-02-21 v7.00n Hypertext links for LaTeX

(/usr/local/texlive/2022/texmf-dist/tex/generic/pdfescape/pdfescape.sty
Package: pdfescape 2019/12/09 v1.15 Implements pdfTeX's escape features (HO)
)
(/usr/local/texlive/2022/texmf-dist/tex/latex/hycolor/hycolor.sty
Package: hycolor 2020-01-27 v1.10 Color options for hyperref/bookmark (HO)
)
(/usr/local/texlive/2022/texmf-dist/tex/latex/letltxmacro/letltxmacro.sty
Package: letltxmacro 2019/12/03 v1.6 Let assignment for LaTeX macros (HO)
)
(/usr/local/texlive/2022/texmf-dist/tex/latex/auxhook/auxhook.sty
Package: auxhook 2019-12-17 v1.6 Hooks for auxiliary files (HO)
)
\@linkdim=\dimen182
\Hy@linkcounter=\count293
\Hy@pagecounter=\count294

(/usr/local/texlive/2022/texmf-dist/tex/latex/hyperref/pd1enc.def
File: pd1enc.def 2022-02-21 v7.00n Hyperref: PDFDocEncoding definition (HO)
Now handling font encoding PD1 ...
... no UTF-8 mapping file for font encoding PD1
)
(/usr/local/texlive/2022/texmf-dist/tex/generic/intcalc/intcalc.sty
Package: intcalc 2019/12/15 v1.3 Expandable calculations with integers (HO)
)
(/usr/local/texlive/2022/texmf-dist/tex/generic/etexcmds/etexcmds.sty
Package: etexcmds 2019/12/15 v1.7 Avoid name clashes with e-TeX commands (HO)
)
\Hy@SavedSpaceFactor=\count295

(/usr/local/texlive/2022/texmf-dist/tex/latex/hyperref/puenc.def
File: puenc.def 2022-02-21 v7.00n Hyperref: PDF Unicode definition (HO)
Now handling font encoding PU ...
... no UTF-8 mapping file for font encoding PU
)
Package hyperref Info: Option `bookmarks' set `true' on input line 4018.
Package hyperref Info: Option `bookmarksopen' set `true' on input line 4018.
Package hyperref Info: Option `bookmarksnumbered' set `true' on input line 4018
.
Package hyperref Info: Option `hypertexnames' set `false' on input line 4018.
Package hyperref Info: Option `colorlinks' set `true' on input line 4018.
Package hyperref Info: Option `unicode' set `true' on input line 4018.
Package hyperref Info: Option `breaklinks' set `true' on input line 4018.
Package hyperref Info: Hyper figures OFF on input line 4137.
Package hyperref Info: Link nesting OFF on input line 4142.
Package hyperref Info: Hyper index ON on input line 4145.
Package hyperref Info: Plain pages OFF on input line 4152.
Package hyperref Info: Backreferencing OFF on input line 4157.
Package hyperref Info: Implicit mode ON; LaTeX internals redefined.
Package hyperref Info: Bookmarks ON on input line 4390.
\c@Hy@tempcnt=\count296

(/usr/local/texlive/2022/texmf-dist/tex/latex/url/url.sty
\Urlmuskip=\muskip17
Package: url 2013/09/16  ver 3.4  Verb mode for urls, etc.
)
LaTeX Info: Redefining \url on input line 4749.
\XeTeXLinkMargin=\dimen183

(/usr/local/texlive/2022/texmf-dist/tex/generic/bitset/bitset.sty
Package: bitset 2019/12/09 v1.3 Handle bit-vector datatype (HO)

(/usr/local/texlive/2022/texmf-dist/tex/generic/bigintcalc/bigintcalc.sty
Package: bigintcalc 2019/12/15 v1.5 Expandable calculations on big integers (HO
)
))
\Fld@menulength=\count297
\Field@Width=\dimen184
\Fld@charsize=\dimen185
Package hyperref Info: Hyper figures OFF on input line 6027.
Package hyperref Info: Link nesting OFF on input line 6032.
Package hyperref Info: Hyper index ON on input line 6035.
Package hyperref Info: backreferencing OFF on input line 6042.
Package hyperref Info: Link coloring ON on input line 6045.
Package hyperref Info: Link coloring with OCG OFF on input line 6052.
Package hyperref Info: PDF/A mode OFF on input line 6057.
LaTeX Info: Redefining \ref on input line 6097.
LaTeX Info: Redefining \pageref on input line 6101.

(/usr/local/texlive/2022/texmf-dist/tex/latex/base/atbegshi-ltx.sty
Package: atbegshi-ltx 2021/01/10 v1.0c Emulation of the original atbegshi
package with kernel methods
)
\Hy@abspage=\count298
\c@Item=\count299
\c@Hfootnote=\count300
)
Package hyperref Info: Driver (autodetected): hpdftex.

(/usr/local/texlive/2022/texmf-dist/tex/latex/hyperref/hpdftex.def
File: hpdftex.def 2022-02-21 v7.00n Hyperref driver for pdfTeX

(/usr/local/texlive/2022/texmf-dist/tex/latex/base/atveryend-ltx.sty
Package: atveryend-ltx 2020/08/19 v1.0a Emulation of the original atveryend pac
kage
with kernel methods
)
\Fld@listcount=\count301
\c@bookmark@seq@number=\count302

(/usr/local/texlive/2022/texmf-dist/tex/latex/rerunfilecheck/rerunfilecheck.sty
Package: rerunfilecheck 2019/12/05 v1.9 Rerun checks for auxiliary files (HO)

(/usr/local/texlive/2022/texmf-dist/tex/generic/uniquecounter/uniquecounter.sty
Package: uniquecounter 2019/12/15 v1.4 Provide unlimited unique counter (HO)
)
Package uniquecounter Info: New unique counter `rerunfilecheck' on input line 2
86.
)
\Hy@SectionHShift=\skip72
)
\c@dummy=\count303
 (/usr/local/texlive/2022/texmf-dist/tex/latex/tools/longtable.sty
Package: longtable 2021-09-01 v4.17 Multi-page Table package (DPC)
\LTleft=\skip73
\LTright=\skip74
\LTpre=\skip75
\LTpost=\skip76
\LTchunksize=\count304
\LTcapwidth=\dimen186
\LT@head=\box55
\LT@firsthead=\box56
\LT@foot=\box57
\LT@lastfoot=\box58
\LT@gbox=\box59
\LT@cols=\count305
\LT@rows=\count306
\c@LT@tables=\count307
\c@LT@chunks=\count308
\LT@p@ftn=\toks31
))
(/usr/local/texlive/2022/texmf-dist/tex/latex/natbib/natbib.sty
Package: natbib 2010/09/13 8.31b (PWD, AO)
\bibhang=\skip77
\bibsep=\skip78
LaTeX Info: Redefining \cite on input line 694.
\c@NAT@ctr=\count309
)
(/usr/local/texlive/2022/texmf-dist/tex/latex/tools/verbatim.sty
Package: verbatim 2020-07-07 v1.5u LaTeX2e package for verbatim enhancements
\every@verbatim=\toks32
\verbatim@line=\toks33
\verbatim@in@stream=\read2
) (./vector.sty
Package: vector 1994/09/16 v1.0 vector macros for LaTeX2e (nde)
(/usr/local/texlive/2022/texmf-dist/tex/latex/tools/calc.sty
Package: calc 2017/05/25 v4.3 Infix arithmetic (KKT,FJ)
\calc@Acount=\count310
\calc@Bcount=\count311
\calc@Adimen=\dimen187
\calc@Bdimen=\dimen188
\calc@Askip=\skip79
\calc@Bskip=\skip80
LaTeX Info: Redefining \setlength on input line 80.
LaTeX Info: Redefining \addtolength on input line 81.
\calc@Ccount=\count312
\calc@Cskip=\skip81
)
\c@vec@elem=\count313
)
Package hyperref Info: Option `colorlinks' set `true' on input line 27.

(/usr/local/texlive/2022/texmf-dist/tex/latex/pdfpages/pdfpages.sty
Package: pdfpages 2022/01/29 v0.5u Insert pages of external PDF documents (AM)

(/usr/local/texlive/2022/texmf-dist/tex/latex/eso-pic/eso-pic.sty
Package: eso-pic 2020/10/14 v3.0a eso-pic (RN)
\ESO@tempdima=\dimen189
\ESO@tempdimb=\dimen190

(/usr/local/texlive/2022/texmf-dist/tex/latex/xcolor/xcolor.sty
Package: xcolor 2021/10/31 v2.13 LaTeX color extensions (UK)

(/usr/local/texlive/2022/texmf-dist/tex/latex/graphics-cfg/color.cfg
File: color.cfg 2016/01/02 v1.6 sample color configuration
)
Package xcolor Info: Driver file: pdftex.def on input line 227.
Package xcolor Info: Model `cmy' substituted by `cmy0' on input line 1352.
Package xcolor Info: Model `hsb' substituted by `rgb' on input line 1356.
Package xcolor Info: Model `RGB' extended on input line 1368.
Package xcolor Info: Model `HTML' substituted by `rgb' on input line 1370.
Package xcolor Info: Model `Hsb' substituted by `hsb' on input line 1371.
Package xcolor Info: Model `tHsb' substituted by `hsb' on input line 1372.
Package xcolor Info: Model `HSB' substituted by `hsb' on input line 1373.
Package xcolor Info: Model `Gray' substituted by `gray' on input line 1374.
Package xcolor Info: Model `wave' substituted by `hsb' on input line 1375.
))
\AM@pagewidth=\dimen191
\AM@pageheight=\dimen192
\AM@fboxrule=\dimen193

(/usr/local/texlive/2022/texmf-dist/tex/latex/pdfpages/pppdftex.def
File: pppdftex.def 2022/01/29 v0.5u Pdfpages driver for pdfTeX (AM)
)
\pdfpages@includegraphics@status=\count314
\AM@pagebox=\box60
\AM@global@opts=\toks34
\AM@pagecnt=\count315
\AM@toc@title=\toks35
\c@AM@survey=\count316
\AM@templatesizebox=\box61
)
(/usr/local/texlive/2022/texmf-dist/tex/latex/l3backend/l3backend-pdftex.def
File: l3backend-pdftex.def 2022-02-07 L3 backend support: PDF output (pdfTeX)
\l__color_backend_stack_int=\count317
\l__pdf_internal_box=\box62
)
(./Thesis.aux)
\openout1 = `Thesis.aux'.

LaTeX Font Info:    Checking defaults for OML/cmm/m/it on input line 60.
LaTeX Font Info:    ... okay on input line 60.
LaTeX Font Info:    Checking defaults for OMS/cmsy/m/n on input line 60.
LaTeX Font Info:    ... okay on input line 60.
LaTeX Font Info:    Checking defaults for OT1/cmr/m/n on input line 60.
LaTeX Font Info:    ... okay on input line 60.
LaTeX Font Info:    Checking defaults for T1/cmr/m/n on input line 60.
LaTeX Font Info:    ... okay on input line 60.
LaTeX Font Info:    Checking defaults for TS1/cmr/m/n on input line 60.
LaTeX Font Info:    ... okay on input line 60.
LaTeX Font Info:    Checking defaults for OMX/cmex/m/n on input line 60.
LaTeX Font Info:    ... okay on input line 60.
LaTeX Font Info:    Checking defaults for U/cmr/m/n on input line 60.
LaTeX Font Info:    ... okay on input line 60.
LaTeX Font Info:    Checking defaults for PD1/pdf/m/n on input line 60.
LaTeX Font Info:    ... okay on input line 60.
LaTeX Font Info:    Checking defaults for PU/pdf/m/n on input line 60.
LaTeX Font Info:    ... okay on input line 60.
Package caption Info: Begin \AtBeginDocument code.
Package caption Info: hyperref package is loaded.
Package caption Info: listings package is loaded.
Package caption Info: longtable package is loaded.

(/usr/local/texlive/2022/texmf-dist/tex/latex/caption/ltcaption.sty
Package: ltcaption 2021/01/08 v1.4c longtable captions (AR)
)
Package caption Info: rotating package is loaded.
Package caption Info: subfigure package is loaded.
Package caption Info: End \AtBeginDocument code.

(/usr/local/texlive/2022/texmf-dist/tex/context/base/mkii/supp-pdf.mkii
[Loading MPS to PDF converter (version 2006.09.02).]
\scratchcounter=\count318
\scratchdimen=\dimen194
\scratchbox=\box63
\nofMPsegments=\count319
\nofMParguments=\count320
\everyMPshowfont=\toks36
\MPscratchCnt=\count321
\MPscratchDim=\dimen195
\MPnumerator=\count322
\makeMPintoPDFobject=\count323
\everyMPtoPDFconversion=\toks37
)
\c@lstlisting=\count324
Package hyperref Info: Link coloring ON on input line 60.
 (/usr/local/texlive/2022/texmf-dist/tex/latex/hyperref/nameref.sty
Package: nameref 2021-04-02 v2.47 Cross-referencing by name of section

(/usr/local/texlive/2022/texmf-dist/tex/latex/refcount/refcount.sty
Package: refcount 2019/12/15 v3.6 Data extraction from label references (HO)
)
(/usr/local/texlive/2022/texmf-dist/tex/generic/gettitlestring/gettitlestring.s
ty
Package: gettitlestring 2019/12/15 v1.6 Cleanup title references (HO)
)
\c@section@level=\count325
)
LaTeX Info: Redefining \ref on input line 60.
LaTeX Info: Redefining \pageref on input line 60.
LaTeX Info: Redefining \nameref on input line 60.
 (./Thesis.out) (./Thesis.out)
\@outlinefile=\write3
\openout3 = `Thesis.out'.


(/usr/local/texlive/2022/texmf-dist/tex/latex/pdflscape/pdflscape.sty
Package: pdflscape 2019/12/05 v0.12 Display of landscape pages in PDF (HO)

(/usr/local/texlive/2022/texmf-dist/tex/latex/graphics/lscape.sty
Package: lscape 2020/05/28 v3.02 Landscape Pages (DPC)
)
Package pdflscape Info: Auto-detected driver: pdftex on input line 81.
)
------------------------------------------------------------------------------
 Title Page
------------------------------------------------------------------------------
<Figures/monash-logo.jpg, id=152, 2370.8575pt x 469.755pt>
File: Figures/monash-logo.jpg Graphic file (type jpg)
<use Figures/monash-logo.jpg>
Package pdftex.def Info: Figures/monash-logo.jpg  used on input line 87.
(pdftex.def)             Requested size: 417.47307pt x 82.7101pt.
[1



{/usr/local/texlive/2022/texmf-var/fonts/map/pdftex/updmap/pdftex.map} <./Figur
es/monash-logo.jpg>] (./Preamble/copyright.tex
------------------------------------------------------------------------------
 Copyright notice
------------------------------------------------------------------------------
LaTeX Font Info:    Trying to load font information for U+msa on input line 15.

(/usr/local/texlive/2022/texmf-dist/tex/latex/amsfonts/umsa.fd
File: umsa.fd 2013/01/14 v3.01 AMS symbols A
)
LaTeX Font Info:    Trying to load font information for U+msb on input line 15.


(/usr/local/texlive/2022/texmf-dist/tex/latex/amsfonts/umsb.fd
File: umsb.fd 2013/01/14 v3.01 AMS symbols B
)) [1

]
(./Preamble/Abstract.tex
------------------------------------------------------------------------------
 Abstract
------------------------------------------------------------------------------
) [2

] (./Preamble/Declaration.tex
------------------------------------------------------------------------------
 Declaration
------------------------------------------------------------------------------
) [3

] (./Preamble/Declaration_publications.tex
------------------------------------------------------------------------------
 Thesis including published works declaration
------------------------------------------------------------------------------

LaTeX Warning: Reference `chap:sugiant_ast' on page iv undefined on input line 
34.


LaTeX Warning: Reference `chap:sugiant_ast' on page iv undefined on input line 
34.


LaTeX Warning: Reference `chap:sugiant_ast' on page iv undefined on input line 
34.

) [4

] (./Preamble/Publications.tex
------------------------------------------------------------------------------
 Publications during enrolment
------------------------------------------------------------------------------

Package natbib Warning: Citation `taner_ss' on page v undefined on input line 1
6.

) [5

] (./Preamble/Acknowledgements.tex
------------------------------------------------------------------------------
 Acknowledgements
------------------------------------------------------------------------------
[6

]) [7]
------------------------------------------------------------------------------
 Table of Contents
------------------------------------------------------------------------------
(./Thesis.toc [8


])
\tf@toc=\write4
\openout4 = `Thesis.toc'.

 [9]
------------------------------------------------------------------------------
 List of Figures
------------------------------------------------------------------------------
(./Thesis.lof [10


] [11]
Overfull \hbox (4.18759pt too wide) in paragraph at lines 43--43
 [][] [][][]\OT1/cmr/m/n/10.95 The LAM-OST chro-mo-spher-i-cally ac-tive and \O
T1/cmr/m/sl/10.95 Ke-pler \OT1/cmr/m/n/10.95 ro-tat-ing closeby, main- 
 []


Overfull \hbox (15.29086pt too wide) in paragraph at lines 45--45
 \OT1/cmr/m/n/10.95 main-sequence sam-ple cross-matched with the LAMOST-\OT1/cm
r/m/sl/10.95 Kepler \OT1/cmr/m/n/10.95 field coloured 
 []

)
\tf@lof=\write5
\openout5 = `Thesis.lof'.

 [12]
------------------------------------------------------------------------------
 List of Tables
------------------------------------------------------------------------------
(./Thesis.lot)
\tf@lot=\write6
\openout6 = `Thesis.lot'.

 [13


]
------------------------------------------------------------------------------
 Abbreviations
------------------------------------------------------------------------------
[14



] (./Chapters/introduction_chapter.tex [1


]
Chapter 1.
------------------------------------------------------------------------------
 1 Introduction
------------------------------------------------------------------------------

LaTeX Warning: Reference `sec:effects' on page 2 undefined on input line 27.

[2

] [3] [4] [5] [6] [7]
<Figures/intro_figures/rot_comp.png, id=618, 1084.05pt x 867.24pt>
File: Figures/intro_figures/rot_comp.png Graphic file (type png)
<use Figures/intro_figures/rot_comp.png>
Package pdftex.def Info: Figures/intro_figures/rot_comp.png  used on input line
 131.
(pdftex.def)             Requested size: 417.47307pt x 333.97446pt.


LaTeX Warning: `h' float specifier changed to `ht'.

[8] [9 <./Figures/intro_figures/rot_comp.png>] [10]
<Figures/intro_figures/pms_evo.png, id=668, 1161.33875pt x 782.925pt>
File: Figures/intro_figures/pms_evo.png Graphic file (type png)
<use Figures/intro_figures/pms_evo.png>
Package pdftex.def Info: Figures/intro_figures/pms_evo.png  used on input line 
187.
(pdftex.def)             Requested size: 417.47307pt x 281.44661pt.
<Figures/intro_figures/cluster_kepler.png, id=730, 1149.29375pt x 839.135pt>
File: Figures/intro_figures/cluster_kepler.png Graphic file (type png)
<use Figures/intro_figures/cluster_kepler.png>
Package pdftex.def Info: Figures/intro_figures/cluster_kepler.png  used on inpu
t line 200.
(pdftex.def)             Requested size: 417.47307pt x 304.80284pt.


LaTeX Warning: `h' float specifier changed to `ht'.

[11 <./Figures/intro_figures/pms_evo.png>] [12 <./Figures/intro_figures/cluster
_kepler.png>] [13]
<Figures/intro_figures/kepler_rot_dist.png, id=804, 867.24pt x 578.16pt>
File: Figures/intro_figures/kepler_rot_dist.png Graphic file (type png)
<use Figures/intro_figures/kepler_rot_dist.png>
Package pdftex.def Info: Figures/intro_figures/kepler_rot_dist.png  used on inp
ut line 250.
(pdftex.def)             Requested size: 417.47307pt x 278.31645pt.


LaTeX Warning: `h' float specifier changed to `ht'.

[14] [15 <./Figures/intro_figures/kepler_rot_dist.png>] [16]
<Figures/intro_figures/ztf_comp.png, id=880, 750.805pt x 399.4925pt>
File: Figures/intro_figures/ztf_comp.png Graphic file (type png)
<use Figures/intro_figures/ztf_comp.png>
Package pdftex.def Info: Figures/intro_figures/ztf_comp.png  used on input line
 303.
(pdftex.def)             Requested size: 417.47307pt x 222.13547pt.
 [17 <./Figures/intro_figures/ztf_comp.png>] [18] [19] [20] [21] [22] [23] [24]
 [25]
<Figures/intro_figures/qualitative_evo.png, id=1068, 719.68875pt x 466.74374pt>

File: Figures/intro_figures/qualitative_evo.png Graphic file (type png)
<use Figures/intro_figures/qualitative_evo.png>
Package pdftex.def Info: Figures/intro_figures/qualitative_evo.png  used on inp
ut line 510.
(pdftex.def)             Requested size: 417.47307pt x 270.75429pt.
 [26 <./Figures/intro_figures/qualitative_evo.png>] [27]
<Figures/intro_figures/deheuvels_disparity_without.png, id=1178, 531.9875pt x 2
68.00125pt>
File: Figures/intro_figures/deheuvels_disparity_without.png Graphic file (type 
png)
<use Figures/intro_figures/deheuvels_disparity_without.png>
Package pdftex.def Info: Figures/intro_figures/deheuvels_disparity_without.png 
 used on input line 553.
(pdftex.def)             Requested size: 417.47307pt x 210.316pt.


LaTeX Warning: `h' float specifier changed to `ht'.

<Figures/intro_figures/deheuvels_disparity_with.png, id=1191, 520.94624pt x 503
.8825pt>
File: Figures/intro_figures/deheuvels_disparity_with.png Graphic file (type png
)
<use Figures/intro_figures/deheuvels_disparity_with.png>
Package pdftex.def Info: Figures/intro_figures/deheuvels_disparity_with.png  us
ed on input line 563.
(pdftex.def)             Requested size: 417.47307pt x 403.79852pt.

LaTeX Warning: `h' float specifier changed to `ht'.

<Figures/intro_figures/rgb_core_rot_without.png, id=1198, 804.00375pt x 594.22p
t>
File: Figures/intro_figures/rgb_core_rot_without.png Graphic file (type png)
<use Figures/intro_figures/rgb_core_rot_without.png>
Package pdftex.def Info: Figures/intro_figures/rgb_core_rot_without.png  used o
n input line 571.
(pdftex.def)             Requested size: 417.47307pt x 308.54283pt.

LaTeX Warning: `h' float specifier changed to `ht'.

<Figures/intro_figures/rgb_core_rot.png, id=1211, 781.92125pt x 594.22pt>
File: Figures/intro_figures/rgb_core_rot.png Graphic file (type png)
<use Figures/intro_figures/rgb_core_rot.png>
Package pdftex.def Info: Figures/intro_figures/rgb_core_rot.png  used on input 
line 581.
(pdftex.def)             Requested size: 417.47307pt x 317.25627pt.

LaTeX Warning: `h' float specifier changed to `ht'.

[28] [29 <./Figures/intro_figures/deheuvels_disparity_without.png>] [30 <./Figu
res/intro_figures/deheuvels_disparity_with.png>] [31 <./Figures/intro_figures/r
gb_core_rot_without.png>] [32 <./Figures/intro_figures/rgb_core_rot.png>]
[33]
<Figures/intro_figures/subgiant_surface.png, id=1349, 728.7225pt x 353.32pt>
File: Figures/intro_figures/subgiant_surface.png Graphic file (type png)
<use Figures/intro_figures/subgiant_surface.png>
Package pdftex.def Info: Figures/intro_figures/subgiant_surface.png  used on in
put line 669.
(pdftex.def)             Requested size: 417.47307pt x 202.40804pt.


LaTeX Warning: `h' float specifier changed to `ht'.

<Figures/intro_figures/rgb_surface.png, id=1369, 727.71875pt x 705.63625pt>
File: Figures/intro_figures/rgb_surface.png Graphic file (type png)
<use Figures/intro_figures/rgb_surface.png>
Package pdftex.def Info: Figures/intro_figures/rgb_surface.png  used on input l
ine 684.
(pdftex.def)             Requested size: 417.47307pt x 404.81172pt.

LaTeX Warning: `h' float specifier changed to `ht'.

[34]
<Figures/intro_figures/PMS_effect.png, id=1397, 1226.5825pt x 579.16376pt>
File: Figures/intro_figures/PMS_effect.png Graphic file (type png)
<use Figures/intro_figures/PMS_effect.png>
Package pdftex.def Info: Figures/intro_figures/PMS_effect.png  used on input li
ne 705.
(pdftex.def)             Requested size: 417.47307pt x 197.11632pt.


LaTeX Warning: `h' float specifier changed to `ht'.

[35 <./Figures/intro_figures/subgiant_surface.png>] [36 <./Figures/intro_figure
s/rgb_surface.png>] [37 <./Figures/intro_figures/PMS_effect.png>]
<Figures/intro_figures/MS_effect.png, id=1428, 1211.52625pt x 582.175pt>
File: Figures/intro_figures/MS_effect.png Graphic file (type png)
<use Figures/intro_figures/MS_effect.png>
Package pdftex.def Info: Figures/intro_figures/MS_effect.png  used on input lin
e 727.
(pdftex.def)             Requested size: 417.47307pt x 200.61075pt.
 [38 <./Figures/intro_figures/MS_effect.png>] [39] [40] [41] [42] [43] [44] [45
] [46]
[47] [48]

Package hyperref Warning: Token not allowed in a PDF string (Unicode):
(hyperref)                removing `math shift' on input line 1009.


Package hyperref Warning: Token not allowed in a PDF string (Unicode):
(hyperref)                removing `\mathop' on input line 1009.


Package hyperref Warning: Token not allowed in a PDF string (Unicode):
(hyperref)                removing `\mathgroup' on input line 1009.


Package hyperref Warning: Token not allowed in a PDF string (Unicode):
(hyperref)                removing `\symoperators' on input line 1009.


Package hyperref Warning: Token not allowed in a PDF string (Unicode):
(hyperref)                removing `\@ifnextchar' on input line 1009.


Package hyperref Warning: Token not allowed in a PDF string (Unicode):
(hyperref)                removing `math shift' on input line 1009.

[49] [50]) (./Chapters/subgiant_astero_original.tex [51]
Chapter 2.
------------------------------------------------------------------------------
 2 Constraining the Rotation Profile in a Low-Luminosity Subgiant with a Surfac
e Rotation Measurement
------------------------------------------------------------------------------
<Chapters/stad771-TW-subgiant.pdf, id=1616, 597.50627pt x 785.21959pt>
File: Chapters/stad771-TW-subgiant.pdf Graphic file (type pdf)
<use Chapters/stad771-TW-subgiant.pdf>
Package pdftex.def Info: Chapters/stad771-TW-subgiant.pdf  used on input line 1
9.
(pdftex.def)             Requested size: 597.5048pt x 785.21768pt.
File: Chapters/stad771-TW-subgiant.pdf Graphic file (type pdf)
<use Chapters/stad771-TW-subgiant.pdf>
Package pdftex.def Info: Chapters/stad771-TW-subgiant.pdf  used on input line 1
9.
(pdftex.def)             Requested size: 597.5048pt x 785.21768pt.
<Chapters/stad771-TW-subgiant.pdf, id=1619, page=1, 597.50627pt x 785.21959pt>
File: Chapters/stad771-TW-subgiant.pdf Graphic file (type pdf)
<use Chapters/stad771-TW-subgiant.pdf, page 1>
Package pdftex.def Info: Chapters/stad771-TW-subgiant.pdf , page1 used on input
 line 19.
(pdftex.def)             Requested size: 597.5048pt x 785.21768pt.
File: Chapters/stad771-TW-subgiant.pdf Graphic file (type pdf)
<use Chapters/stad771-TW-subgiant.pdf, page 1>
Package pdftex.def Info: Chapters/stad771-TW-subgiant.pdf , page1 used on input
 line 19.
(pdftex.def)             Requested size: 537.75067pt x 706.69112pt.
[52

]
File: Chapters/stad771-TW-subgiant.pdf Graphic file (type pdf)
<use Chapters/stad771-TW-subgiant.pdf, page 1>
Package pdftex.def Info: Chapters/stad771-TW-subgiant.pdf , page1 used on input
 line 19.
(pdftex.def)             Requested size: 537.75067pt x 706.69112pt.
File: Chapters/stad771-TW-subgiant.pdf Graphic file (type pdf)
<use Chapters/stad771-TW-subgiant.pdf, page 1>
Package pdftex.def Info: Chapters/stad771-TW-subgiant.pdf , page1 used on input
 line 19.
(pdftex.def)             Requested size: 537.75067pt x 706.69112pt.
File: Chapters/stad771-TW-subgiant.pdf Graphic file (type pdf)
<use Chapters/stad771-TW-subgiant.pdf, page 1>
Package pdftex.def Info: Chapters/stad771-TW-subgiant.pdf , page1 used on input
 line 19.
(pdftex.def)             Requested size: 537.75067pt x 706.69112pt.
 [53 <./Chapters/stad771-TW-subgiant.pdf>]
File: Chapters/stad771-TW-subgiant.pdf Graphic file (type pdf)
<use Chapters/stad771-TW-subgiant.pdf>
Package pdftex.def Info: Chapters/stad771-TW-subgiant.pdf  used on input line 2
1.
(pdftex.def)             Requested size: 597.5048pt x 785.21768pt.
File: Chapters/stad771-TW-subgiant.pdf Graphic file (type pdf)
<use Chapters/stad771-TW-subgiant.pdf>
Package pdftex.def Info: Chapters/stad771-TW-subgiant.pdf  used on input line 2
1.
(pdftex.def)             Requested size: 597.5048pt x 785.21768pt.
<Chapters/stad771-TW-subgiant.pdf, id=1689, page=2, 597.50627pt x 785.21959pt>
File: Chapters/stad771-TW-subgiant.pdf Graphic file (type pdf)
<use Chapters/stad771-TW-subgiant.pdf, page 2>
Package pdftex.def Info: Chapters/stad771-TW-subgiant.pdf , page2 used on input
 line 21.
(pdftex.def)             Requested size: 597.5048pt x 785.21768pt.
File: Chapters/stad771-TW-subgiant.pdf Graphic file (type pdf)
<use Chapters/stad771-TW-subgiant.pdf, page 2>
Package pdftex.def Info: Chapters/stad771-TW-subgiant.pdf , page2 used on input
 line 21.
(pdftex.def)             Requested size: 537.75067pt x 706.69112pt.
File: Chapters/stad771-TW-subgiant.pdf Graphic file (type pdf)
<use Chapters/stad771-TW-subgiant.pdf, page 2>
Package pdftex.def Info: Chapters/stad771-TW-subgiant.pdf , page2 used on input
 line 21.
(pdftex.def)             Requested size: 537.75067pt x 706.69112pt.
File: Chapters/stad771-TW-subgiant.pdf Graphic file (type pdf)
<use Chapters/stad771-TW-subgiant.pdf, page 2>
Package pdftex.def Info: Chapters/stad771-TW-subgiant.pdf , page2 used on input
 line 21.
(pdftex.def)             Requested size: 537.75067pt x 706.69112pt.
File: Chapters/stad771-TW-subgiant.pdf Graphic file (type pdf)
<use Chapters/stad771-TW-subgiant.pdf, page 2>
Package pdftex.def Info: Chapters/stad771-TW-subgiant.pdf , page2 used on input
 line 21.
(pdftex.def)             Requested size: 537.75067pt x 706.69112pt.
 [54 <./Chapters/stad771-TW-subgiant.pdf>]
File: Chapters/stad771-TW-subgiant.pdf Graphic file (type pdf)
<use Chapters/stad771-TW-subgiant.pdf>
Package pdftex.def Info: Chapters/stad771-TW-subgiant.pdf  used on input line 5
5.
(pdftex.def)             Requested size: 597.5048pt x 785.21768pt.
File: Chapters/stad771-TW-subgiant.pdf Graphic file (type pdf)
<use Chapters/stad771-TW-subgiant.pdf>
Package pdftex.def Info: Chapters/stad771-TW-subgiant.pdf  used on input line 5
5.
(pdftex.def)             Requested size: 597.5048pt x 785.21768pt.
<Chapters/stad771-TW-subgiant.pdf, id=1701, page=3, 597.50627pt x 785.21959pt>
File: Chapters/stad771-TW-subgiant.pdf Graphic file (type pdf)
<use Chapters/stad771-TW-subgiant.pdf, page 3>
Package pdftex.def Info: Chapters/stad771-TW-subgiant.pdf , page3 used on input
 line 55.
(pdftex.def)             Requested size: 597.5048pt x 785.21768pt.
File: Chapters/stad771-TW-subgiant.pdf Graphic file (type pdf)
<use Chapters/stad771-TW-subgiant.pdf, page 3>
Package pdftex.def Info: Chapters/stad771-TW-subgiant.pdf , page3 used on input
 line 55.
(pdftex.def)             Requested size: 537.75067pt x 706.69112pt.
File: Chapters/stad771-TW-subgiant.pdf Graphic file (type pdf)
<use Chapters/stad771-TW-subgiant.pdf, page 3>
Package pdftex.def Info: Chapters/stad771-TW-subgiant.pdf , page3 used on input
 line 55.
(pdftex.def)             Requested size: 537.75067pt x 706.69112pt.
File: Chapters/stad771-TW-subgiant.pdf Graphic file (type pdf)
<use Chapters/stad771-TW-subgiant.pdf, page 3>
Package pdftex.def Info: Chapters/stad771-TW-subgiant.pdf , page3 used on input
 line 55.
(pdftex.def)             Requested size: 537.75067pt x 706.69112pt.
<Figures/subgiant_chapter_figures/staradif.png, id=1702, 578.16pt x 361.35pt>
File: Figures/subgiant_chapter_figures/staradif.png Graphic file (type png)
<use Figures/subgiant_chapter_figures/staradif.png>
Package pdftex.def Info: Figures/subgiant_chapter_figures/staradif.png  used on
 input line 55.
(pdftex.def)             Requested size: 417.47307pt x 260.92168pt.
<Figures/subgiant_chapter_figures/rots.png, id=1703, 433.62pt x 289.08pt>
File: Figures/subgiant_chapter_figures/rots.png Graphic file (type png)
<use Figures/subgiant_chapter_figures/rots.png>
Package pdftex.def Info: Figures/subgiant_chapter_figures/rots.png  used on inp
ut line 55.
(pdftex.def)             Requested size: 208.73653pt x 139.15822pt.
File: Chapters/stad771-TW-subgiant.pdf Graphic file (type pdf)
<use Chapters/stad771-TW-subgiant.pdf, page 3>
Package pdftex.def Info: Chapters/stad771-TW-subgiant.pdf , page3 used on input
 line 55.
(pdftex.def)             Requested size: 537.75067pt x 706.69112pt.
 [55 <./Chapters/stad771-TW-subgiant.pdf> <./Figures/subgiant_chapter_figures/s
taradif.png> <./Figures/subgiant_chapter_figures/rots.png>]
File: Chapters/stad771-TW-subgiant.pdf Graphic file (type pdf)
<use Chapters/stad771-TW-subgiant.pdf>
Package pdftex.def Info: Chapters/stad771-TW-subgiant.pdf  used on input line 5
7.
(pdftex.def)             Requested size: 597.5048pt x 785.21768pt.
File: Chapters/stad771-TW-subgiant.pdf Graphic file (type pdf)
<use Chapters/stad771-TW-subgiant.pdf>
Package pdftex.def Info: Chapters/stad771-TW-subgiant.pdf  used on input line 5
7.
(pdftex.def)             Requested size: 597.5048pt x 785.21768pt.
<Chapters/stad771-TW-subgiant.pdf, id=1736, page=4, 597.50627pt x 785.21959pt>
File: Chapters/stad771-TW-subgiant.pdf Graphic file (type pdf)
<use Chapters/stad771-TW-subgiant.pdf, page 4>
Package pdftex.def Info: Chapters/stad771-TW-subgiant.pdf , page4 used on input
 line 57.
(pdftex.def)             Requested size: 597.5048pt x 785.21768pt.
File: Chapters/stad771-TW-subgiant.pdf Graphic file (type pdf)
<use Chapters/stad771-TW-subgiant.pdf, page 4>
Package pdftex.def Info: Chapters/stad771-TW-subgiant.pdf , page4 used on input
 line 57.
(pdftex.def)             Requested size: 537.75067pt x 706.69112pt.
File: Chapters/stad771-TW-subgiant.pdf Graphic file (type pdf)
<use Chapters/stad771-TW-subgiant.pdf, page 4>
Package pdftex.def Info: Chapters/stad771-TW-subgiant.pdf , page4 used on input
 line 57.
(pdftex.def)             Requested size: 537.75067pt x 706.69112pt.
File: Chapters/stad771-TW-subgiant.pdf Graphic file (type pdf)
<use Chapters/stad771-TW-subgiant.pdf, page 4>
Package pdftex.def Info: Chapters/stad771-TW-subgiant.pdf , page4 used on input
 line 57.
(pdftex.def)             Requested size: 537.75067pt x 706.69112pt.
File: Chapters/stad771-TW-subgiant.pdf Graphic file (type pdf)
<use Chapters/stad771-TW-subgiant.pdf, page 4>
Package pdftex.def Info: Chapters/stad771-TW-subgiant.pdf , page4 used on input
 line 57.
(pdftex.def)             Requested size: 537.75067pt x 706.69112pt.
 [56 <./Chapters/stad771-TW-subgiant.pdf>]
File: Chapters/stad771-TW-subgiant.pdf Graphic file (type pdf)
<use Chapters/stad771-TW-subgiant.pdf>
Package pdftex.def Info: Chapters/stad771-TW-subgiant.pdf  used on input line 6
6.
(pdftex.def)             Requested size: 597.5048pt x 785.21768pt.
File: Chapters/stad771-TW-subgiant.pdf Graphic file (type pdf)
<use Chapters/stad771-TW-subgiant.pdf>
Package pdftex.def Info: Chapters/stad771-TW-subgiant.pdf  used on input line 6
6.
(pdftex.def)             Requested size: 597.5048pt x 785.21768pt.
<Chapters/stad771-TW-subgiant.pdf, id=1751, page=5, 597.50627pt x 785.21959pt>
File: Chapters/stad771-TW-subgiant.pdf Graphic file (type pdf)
<use Chapters/stad771-TW-subgiant.pdf, page 5>
Package pdftex.def Info: Chapters/stad771-TW-subgiant.pdf , page5 used on input
 line 66.
(pdftex.def)             Requested size: 597.5048pt x 785.21768pt.
File: Chapters/stad771-TW-subgiant.pdf Graphic file (type pdf)
<use Chapters/stad771-TW-subgiant.pdf, page 5>
Package pdftex.def Info: Chapters/stad771-TW-subgiant.pdf , page5 used on input
 line 66.
(pdftex.def)             Requested size: 537.75067pt x 706.69112pt.
File: Chapters/stad771-TW-subgiant.pdf Graphic file (type pdf)
<use Chapters/stad771-TW-subgiant.pdf, page 5>
Package pdftex.def Info: Chapters/stad771-TW-subgiant.pdf , page5 used on input
 line 66.
(pdftex.def)             Requested size: 537.75067pt x 706.69112pt.
File: Chapters/stad771-TW-subgiant.pdf Graphic file (type pdf)
<use Chapters/stad771-TW-subgiant.pdf, page 5>
Package pdftex.def Info: Chapters/stad771-TW-subgiant.pdf , page5 used on input
 line 66.
(pdftex.def)             Requested size: 537.75067pt x 706.69112pt.
<Figures/subgiant_chapter_figures/combined_results.png, id=1752, 772.68675pt x 
763.1712pt>
File: Figures/subgiant_chapter_figures/combined_results.png Graphic file (type 
png)
<use Figures/subgiant_chapter_figures/combined_results.png>
Package pdftex.def Info: Figures/subgiant_chapter_figures/combined_results.png 
 used on input line 66.
(pdftex.def)             Requested size: 396.59813pt x 391.7275pt.
File: Chapters/stad771-TW-subgiant.pdf Graphic file (type pdf)
<use Chapters/stad771-TW-subgiant.pdf, page 5>
Package pdftex.def Info: Chapters/stad771-TW-subgiant.pdf , page5 used on input
 line 66.
(pdftex.def)             Requested size: 537.75067pt x 706.69112pt.
 [57 <./Chapters/stad771-TW-subgiant.pdf> <./Figures/subgiant_chapter_figures/c
ombined_results.png>]
File: Chapters/stad771-TW-subgiant.pdf Graphic file (type pdf)
<use Chapters/stad771-TW-subgiant.pdf>
Package pdftex.def Info: Chapters/stad771-TW-subgiant.pdf  used on input line 9
5.
(pdftex.def)             Requested size: 597.5048pt x 785.21768pt.
File: Chapters/stad771-TW-subgiant.pdf Graphic file (type pdf)
<use Chapters/stad771-TW-subgiant.pdf>
Package pdftex.def Info: Chapters/stad771-TW-subgiant.pdf  used on input line 9
5.
(pdftex.def)             Requested size: 597.5048pt x 785.21768pt.
<Chapters/stad771-TW-subgiant.pdf, id=1764, page=6, 597.50627pt x 785.21959pt>
File: Chapters/stad771-TW-subgiant.pdf Graphic file (type pdf)
<use Chapters/stad771-TW-subgiant.pdf, page 6>
Package pdftex.def Info: Chapters/stad771-TW-subgiant.pdf , page6 used on input
 line 95.
(pdftex.def)             Requested size: 597.5048pt x 785.21768pt.
File: Chapters/stad771-TW-subgiant.pdf Graphic file (type pdf)
<use Chapters/stad771-TW-subgiant.pdf, page 6>
Package pdftex.def Info: Chapters/stad771-TW-subgiant.pdf , page6 used on input
 line 95.
(pdftex.def)             Requested size: 537.75067pt x 706.69112pt.
File: Chapters/stad771-TW-subgiant.pdf Graphic file (type pdf)
<use Chapters/stad771-TW-subgiant.pdf, page 6>
Package pdftex.def Info: Chapters/stad771-TW-subgiant.pdf , page6 used on input
 line 95.
(pdftex.def)             Requested size: 537.75067pt x 706.69112pt.
File: Chapters/stad771-TW-subgiant.pdf Graphic file (type pdf)
<use Chapters/stad771-TW-subgiant.pdf, page 6>
Package pdftex.def Info: Chapters/stad771-TW-subgiant.pdf , page6 used on input
 line 95.
(pdftex.def)             Requested size: 537.75067pt x 706.69112pt.
<Figures/subgiant_chapter_figures/12_corner.png, id=1765, 549.05125pt x 549.051
25pt>
File: Figures/subgiant_chapter_figures/12_corner.png Graphic file (type png)
<use Figures/subgiant_chapter_figures/12_corner.png>
Package pdftex.def Info: Figures/subgiant_chapter_figures/12_corner.png  used o
n input line 95.
(pdftex.def)             Requested size: 208.73653pt x 208.7338pt.
<Figures/subgiant_chapter_figures/22_corner.png, id=1766, 549.05125pt x 549.051
25pt>
File: Figures/subgiant_chapter_figures/22_corner.png Graphic file (type png)
<use Figures/subgiant_chapter_figures/22_corner.png>
Package pdftex.def Info: Figures/subgiant_chapter_figures/22_corner.png  used o
n input line 95.
(pdftex.def)             Requested size: 208.73653pt x 208.7338pt.
File: Chapters/stad771-TW-subgiant.pdf Graphic file (type pdf)
<use Chapters/stad771-TW-subgiant.pdf, page 6>
Package pdftex.def Info: Chapters/stad771-TW-subgiant.pdf , page6 used on input
 line 95.
(pdftex.def)             Requested size: 537.75067pt x 706.69112pt.
 [58 <./Chapters/stad771-TW-subgiant.pdf> <./Figures/subgiant_chapter_figures/1
2_corner.png> <./Figures/subgiant_chapter_figures/22_corner.png>]
File: Chapters/stad771-TW-subgiant.pdf Graphic file (type pdf)
<use Chapters/stad771-TW-subgiant.pdf>
Package pdftex.def Info: Chapters/stad771-TW-subgiant.pdf  used on input line 9
8.
(pdftex.def)             Requested size: 597.5048pt x 785.21768pt.
File: Chapters/stad771-TW-subgiant.pdf Graphic file (type pdf)
<use Chapters/stad771-TW-subgiant.pdf>
Package pdftex.def Info: Chapters/stad771-TW-subgiant.pdf  used on input line 9
8.
(pdftex.def)             Requested size: 597.5048pt x 785.21768pt.
<Chapters/stad771-TW-subgiant.pdf, id=1789, page=7, 597.50627pt x 785.21959pt>
File: Chapters/stad771-TW-subgiant.pdf Graphic file (type pdf)
<use Chapters/stad771-TW-subgiant.pdf, page 7>
Package pdftex.def Info: Chapters/stad771-TW-subgiant.pdf , page7 used on input
 line 98.
(pdftex.def)             Requested size: 597.5048pt x 785.21768pt.
File: Chapters/stad771-TW-subgiant.pdf Graphic file (type pdf)
<use Chapters/stad771-TW-subgiant.pdf, page 7>
Package pdftex.def Info: Chapters/stad771-TW-subgiant.pdf , page7 used on input
 line 98.
(pdftex.def)             Requested size: 537.75067pt x 706.69112pt.
File: Chapters/stad771-TW-subgiant.pdf Graphic file (type pdf)
<use Chapters/stad771-TW-subgiant.pdf, page 7>
Package pdftex.def Info: Chapters/stad771-TW-subgiant.pdf , page7 used on input
 line 98.
(pdftex.def)             Requested size: 537.75067pt x 706.69112pt.
File: Chapters/stad771-TW-subgiant.pdf Graphic file (type pdf)
<use Chapters/stad771-TW-subgiant.pdf, page 7>
Package pdftex.def Info: Chapters/stad771-TW-subgiant.pdf , page7 used on input
 line 98.
(pdftex.def)             Requested size: 537.75067pt x 706.69112pt.
File: Chapters/stad771-TW-subgiant.pdf Graphic file (type pdf)
<use Chapters/stad771-TW-subgiant.pdf, page 7>
Package pdftex.def Info: Chapters/stad771-TW-subgiant.pdf , page7 used on input
 line 98.
(pdftex.def)             Requested size: 537.75067pt x 706.69112pt.
 [59 <./Chapters/stad771-TW-subgiant.pdf>]
File: Chapters/stad771-TW-subgiant.pdf Graphic file (type pdf)
<use Chapters/stad771-TW-subgiant.pdf>
Package pdftex.def Info: Chapters/stad771-TW-subgiant.pdf  used on input line 1
34.
(pdftex.def)             Requested size: 597.5048pt x 785.21768pt.
File: Chapters/stad771-TW-subgiant.pdf Graphic file (type pdf)
<use Chapters/stad771-TW-subgiant.pdf>
Package pdftex.def Info: Chapters/stad771-TW-subgiant.pdf  used on input line 1
34.
(pdftex.def)             Requested size: 597.5048pt x 785.21768pt.
<Chapters/stad771-TW-subgiant.pdf, id=1796, page=8, 597.50627pt x 785.21959pt>
File: Chapters/stad771-TW-subgiant.pdf Graphic file (type pdf)
<use Chapters/stad771-TW-subgiant.pdf, page 8>
Package pdftex.def Info: Chapters/stad771-TW-subgiant.pdf , page8 used on input
 line 134.
(pdftex.def)             Requested size: 597.5048pt x 785.21768pt.
File: Chapters/stad771-TW-subgiant.pdf Graphic file (type pdf)
<use Chapters/stad771-TW-subgiant.pdf, page 8>
Package pdftex.def Info: Chapters/stad771-TW-subgiant.pdf , page8 used on input
 line 134.
(pdftex.def)             Requested size: 537.75067pt x 706.69112pt.
File: Chapters/stad771-TW-subgiant.pdf Graphic file (type pdf)
<use Chapters/stad771-TW-subgiant.pdf, page 8>
Package pdftex.def Info: Chapters/stad771-TW-subgiant.pdf , page8 used on input
 line 134.
(pdftex.def)             Requested size: 537.75067pt x 706.69112pt.
File: Chapters/stad771-TW-subgiant.pdf Graphic file (type pdf)
<use Chapters/stad771-TW-subgiant.pdf, page 8>
Package pdftex.def Info: Chapters/stad771-TW-subgiant.pdf , page8 used on input
 line 134.
(pdftex.def)             Requested size: 537.75067pt x 706.69112pt.
<Figures/subgiant_chapter_figures/10.05_corner.png, id=1797, 549.05125pt x 549.
05125pt>
File: Figures/subgiant_chapter_figures/10.05_corner.png Graphic file (type png)

<use Figures/subgiant_chapter_figures/10.05_corner.png>
Package pdftex.def Info: Figures/subgiant_chapter_figures/10.05_corner.png  use
d on input line 134.
(pdftex.def)             Requested size: 208.73653pt x 208.7338pt.
<Figures/subgiant_chapter_figures/10.2_corner.png, id=1800, 549.05125pt x 549.0
5125pt>
File: Figures/subgiant_chapter_figures/10.2_corner.png Graphic file (type png)
<use Figures/subgiant_chapter_figures/10.2_corner.png>
Package pdftex.def Info: Figures/subgiant_chapter_figures/10.2_corner.png  used
 on input line 134.
(pdftex.def)             Requested size: 208.73653pt x 208.7338pt.
<Figures/subgiant_chapter_figures/10.5_corner.png, id=1803, 549.05125pt x 549.0
5125pt>
File: Figures/subgiant_chapter_figures/10.5_corner.png Graphic file (type png)
<use Figures/subgiant_chapter_figures/10.5_corner.png>
Package pdftex.def Info: Figures/subgiant_chapter_figures/10.5_corner.png  used
 on input line 134.
(pdftex.def)             Requested size: 208.73653pt x 208.7338pt.
<Figures/subgiant_chapter_figures/20.05_corner.png, id=1806, 549.05125pt x 549.
05125pt>
File: Figures/subgiant_chapter_figures/20.05_corner.png Graphic file (type png)

<use Figures/subgiant_chapter_figures/20.05_corner.png>
Package pdftex.def Info: Figures/subgiant_chapter_figures/20.05_corner.png  use
d on input line 134.
(pdftex.def)             Requested size: 208.73653pt x 208.7338pt.
File: Chapters/stad771-TW-subgiant.pdf Graphic file (type pdf)
<use Chapters/stad771-TW-subgiant.pdf, page 8>
Package pdftex.def Info: Chapters/stad771-TW-subgiant.pdf , page8 used on input
 line 134.
(pdftex.def)             Requested size: 537.75067pt x 706.69112pt.
 [60 <./Chapters/stad771-TW-subgiant.pdf> <./Figures/subgiant_chapter_figures/1
0.05_corner.png> <./Figures/subgiant_chapter_figures/10.2_corner.png> <./Figure
s/subgiant_chapter_figures/10.5_corner.png> <./Figures/subgiant_chapter_figures
/20.05_corner.png>]
File: Chapters/stad771-TW-subgiant.pdf Graphic file (type pdf)
<use Chapters/stad771-TW-subgiant.pdf>
Package pdftex.def Info: Chapters/stad771-TW-subgiant.pdf  used on input line 1
53.
(pdftex.def)             Requested size: 597.5048pt x 785.21768pt.
File: Chapters/stad771-TW-subgiant.pdf Graphic file (type pdf)
<use Chapters/stad771-TW-subgiant.pdf>
Package pdftex.def Info: Chapters/stad771-TW-subgiant.pdf  used on input line 1
53.
(pdftex.def)             Requested size: 597.5048pt x 785.21768pt.
<Chapters/stad771-TW-subgiant.pdf, id=1837, page=9, 597.50627pt x 785.21959pt>
File: Chapters/stad771-TW-subgiant.pdf Graphic file (type pdf)
<use Chapters/stad771-TW-subgiant.pdf, page 9>
Package pdftex.def Info: Chapters/stad771-TW-subgiant.pdf , page9 used on input
 line 153.
(pdftex.def)             Requested size: 597.5048pt x 785.21768pt.
File: Chapters/stad771-TW-subgiant.pdf Graphic file (type pdf)
<use Chapters/stad771-TW-subgiant.pdf, page 9>
Package pdftex.def Info: Chapters/stad771-TW-subgiant.pdf , page9 used on input
 line 153.
(pdftex.def)             Requested size: 537.75067pt x 706.69112pt.
File: Chapters/stad771-TW-subgiant.pdf Graphic file (type pdf)
<use Chapters/stad771-TW-subgiant.pdf, page 9>
Package pdftex.def Info: Chapters/stad771-TW-subgiant.pdf , page9 used on input
 line 153.
(pdftex.def)             Requested size: 537.75067pt x 706.69112pt.
File: Chapters/stad771-TW-subgiant.pdf Graphic file (type pdf)
<use Chapters/stad771-TW-subgiant.pdf, page 9>
Package pdftex.def Info: Chapters/stad771-TW-subgiant.pdf , page9 used on input
 line 153.
(pdftex.def)             Requested size: 537.75067pt x 706.69112pt.
<Figures/subgiant_chapter_figures/20.2_corner.png, id=1838, 549.05125pt x 549.0
5125pt>
File: Figures/subgiant_chapter_figures/20.2_corner.png Graphic file (type png)
<use Figures/subgiant_chapter_figures/20.2_corner.png>
Package pdftex.def Info: Figures/subgiant_chapter_figures/20.2_corner.png  used
 on input line 153.
(pdftex.def)             Requested size: 208.73653pt x 208.7338pt.
<Figures/subgiant_chapter_figures/20.5_corner.png, id=1843, 549.05125pt x 549.0
5125pt>
File: Figures/subgiant_chapter_figures/20.5_corner.png Graphic file (type png)
<use Figures/subgiant_chapter_figures/20.5_corner.png>
Package pdftex.def Info: Figures/subgiant_chapter_figures/20.5_corner.png  used
 on input line 153.
(pdftex.def)             Requested size: 208.73653pt x 208.7338pt.
File: Chapters/stad771-TW-subgiant.pdf Graphic file (type pdf)
<use Chapters/stad771-TW-subgiant.pdf, page 9>
Package pdftex.def Info: Chapters/stad771-TW-subgiant.pdf , page9 used on input
 line 153.
(pdftex.def)             Requested size: 537.75067pt x 706.69112pt.
 [61 <./Chapters/stad771-TW-subgiant.pdf> <./Figures/subgiant_chapter_figures/2
0.2_corner.png> <./Figures/subgiant_chapter_figures/20.5_corner.png>]) (./Chapt
ers/stellar_spot_original.tex
Chapter 3.
------------------------------------------------------------------------------
 3 Stellar spots cause measurable variations in atmospheric metallicity
------------------------------------------------------------------------------
[62

]
<Chapters/stad1875-TW-SS.pdf, id=1869, 597.50627pt x 785.21959pt>
File: Chapters/stad1875-TW-SS.pdf Graphic file (type pdf)
<use Chapters/stad1875-TW-SS.pdf>
Package pdftex.def Info: Chapters/stad1875-TW-SS.pdf  used on input line 15.
(pdftex.def)             Requested size: 597.5048pt x 785.21768pt.
File: Chapters/stad1875-TW-SS.pdf Graphic file (type pdf)
<use Chapters/stad1875-TW-SS.pdf>
Package pdftex.def Info: Chapters/stad1875-TW-SS.pdf  used on input line 15.
(pdftex.def)             Requested size: 597.5048pt x 785.21768pt.
<Chapters/stad1875-TW-SS.pdf, id=1872, page=1, 597.50627pt x 785.21959pt>
File: Chapters/stad1875-TW-SS.pdf Graphic file (type pdf)
<use Chapters/stad1875-TW-SS.pdf, page 1>
Package pdftex.def Info: Chapters/stad1875-TW-SS.pdf , page1 used on input line
 15.
(pdftex.def)             Requested size: 597.5048pt x 785.21768pt.
File: Chapters/stad1875-TW-SS.pdf Graphic file (type pdf)
<use Chapters/stad1875-TW-SS.pdf, page 1>
Package pdftex.def Info: Chapters/stad1875-TW-SS.pdf , page1 used on input line
 15.
(pdftex.def)             Requested size: 537.75067pt x 706.69112pt.
File: Chapters/stad1875-TW-SS.pdf Graphic file (type pdf)
<use Chapters/stad1875-TW-SS.pdf, page 1>
Package pdftex.def Info: Chapters/stad1875-TW-SS.pdf , page1 used on input line
 15.
(pdftex.def)             Requested size: 537.75067pt x 706.69112pt.
File: Chapters/stad1875-TW-SS.pdf Graphic file (type pdf)
<use Chapters/stad1875-TW-SS.pdf, page 1>
Package pdftex.def Info: Chapters/stad1875-TW-SS.pdf , page1 used on input line
 15.
(pdftex.def)             Requested size: 537.75067pt x 706.69112pt.
File: Chapters/stad1875-TW-SS.pdf Graphic file (type pdf)
<use Chapters/stad1875-TW-SS.pdf, page 1>
Package pdftex.def Info: Chapters/stad1875-TW-SS.pdf , page1 used on input line
 15.
(pdftex.def)             Requested size: 537.75067pt x 706.69112pt.
 [63 <./Chapters/stad1875-TW-SS.pdf>]
File: Chapters/stad1875-TW-SS.pdf Graphic file (type pdf)
<use Chapters/stad1875-TW-SS.pdf>
Package pdftex.def Info: Chapters/stad1875-TW-SS.pdf  used on input line 25.
(pdftex.def)             Requested size: 597.5048pt x 785.21768pt.
File: Chapters/stad1875-TW-SS.pdf Graphic file (type pdf)
<use Chapters/stad1875-TW-SS.pdf>
Package pdftex.def Info: Chapters/stad1875-TW-SS.pdf  used on input line 25.
(pdftex.def)             Requested size: 597.5048pt x 785.21768pt.
<Chapters/stad1875-TW-SS.pdf, id=1919, page=2, 597.50627pt x 785.21959pt>
File: Chapters/stad1875-TW-SS.pdf Graphic file (type pdf)
<use Chapters/stad1875-TW-SS.pdf, page 2>
Package pdftex.def Info: Chapters/stad1875-TW-SS.pdf , page2 used on input line
 25.
(pdftex.def)             Requested size: 597.5048pt x 785.21768pt.
File: Chapters/stad1875-TW-SS.pdf Graphic file (type pdf)
<use Chapters/stad1875-TW-SS.pdf, page 2>
Package pdftex.def Info: Chapters/stad1875-TW-SS.pdf , page2 used on input line
 25.
(pdftex.def)             Requested size: 537.75067pt x 706.69112pt.
File: Chapters/stad1875-TW-SS.pdf Graphic file (type pdf)
<use Chapters/stad1875-TW-SS.pdf, page 2>
Package pdftex.def Info: Chapters/stad1875-TW-SS.pdf , page2 used on input line
 25.
(pdftex.def)             Requested size: 537.75067pt x 706.69112pt.
File: Chapters/stad1875-TW-SS.pdf Graphic file (type pdf)
<use Chapters/stad1875-TW-SS.pdf, page 2>
Package pdftex.def Info: Chapters/stad1875-TW-SS.pdf , page2 used on input line
 25.
(pdftex.def)             Requested size: 537.75067pt x 706.69112pt.
<Figures/ss_chapter_figures/injected_hr.png, id=1920, 867.24pt x 505.89pt>
File: Figures/ss_chapter_figures/injected_hr.png Graphic file (type png)
<use Figures/ss_chapter_figures/injected_hr.png>
Package pdftex.def Info: Figures/ss_chapter_figures/injected_hr.png  used on in
put line 25.
(pdftex.def)             Requested size: 208.73653pt x 121.76344pt.
File: Chapters/stad1875-TW-SS.pdf Graphic file (type pdf)
<use Chapters/stad1875-TW-SS.pdf, page 2>
Package pdftex.def Info: Chapters/stad1875-TW-SS.pdf , page2 used on input line
 25.
(pdftex.def)             Requested size: 537.75067pt x 706.69112pt.
 [64 <./Chapters/stad1875-TW-SS.pdf> <./Figures/ss_chapter_figures/injected_hr.
png>]
File: Chapters/stad1875-TW-SS.pdf Graphic file (type pdf)
<use Chapters/stad1875-TW-SS.pdf>
Package pdftex.def Info: Chapters/stad1875-TW-SS.pdf  used on input line 34.
(pdftex.def)             Requested size: 597.5048pt x 785.21768pt.
File: Chapters/stad1875-TW-SS.pdf Graphic file (type pdf)
<use Chapters/stad1875-TW-SS.pdf>
Package pdftex.def Info: Chapters/stad1875-TW-SS.pdf  used on input line 34.
(pdftex.def)             Requested size: 597.5048pt x 785.21768pt.
<Chapters/stad1875-TW-SS.pdf, id=1943, page=3, 597.50627pt x 785.21959pt>
File: Chapters/stad1875-TW-SS.pdf Graphic file (type pdf)
<use Chapters/stad1875-TW-SS.pdf, page 3>
Package pdftex.def Info: Chapters/stad1875-TW-SS.pdf , page3 used on input line
 34.
(pdftex.def)             Requested size: 597.5048pt x 785.21768pt.
File: Chapters/stad1875-TW-SS.pdf Graphic file (type pdf)
<use Chapters/stad1875-TW-SS.pdf, page 3>
Package pdftex.def Info: Chapters/stad1875-TW-SS.pdf , page3 used on input line
 34.
(pdftex.def)             Requested size: 537.75067pt x 706.69112pt.
File: Chapters/stad1875-TW-SS.pdf Graphic file (type pdf)
<use Chapters/stad1875-TW-SS.pdf, page 3>
Package pdftex.def Info: Chapters/stad1875-TW-SS.pdf , page3 used on input line
 34.
(pdftex.def)             Requested size: 537.75067pt x 706.69112pt.
File: Chapters/stad1875-TW-SS.pdf Graphic file (type pdf)
<use Chapters/stad1875-TW-SS.pdf, page 3>
Package pdftex.def Info: Chapters/stad1875-TW-SS.pdf , page3 used on input line
 34.
(pdftex.def)             Requested size: 537.75067pt x 706.69112pt.
<Figures/ss_chapter_figures/recov_tests_spot.png, id=1944, 1084.05pt x 722.7pt>

File: Figures/ss_chapter_figures/recov_tests_spot.png Graphic file (type png)
<use Figures/ss_chapter_figures/recov_tests_spot.png>
Package pdftex.def Info: Figures/ss_chapter_figures/recov_tests_spot.png  used 
on input line 34.
(pdftex.def)             Requested size: 417.47307pt x 278.31203pt.
File: Chapters/stad1875-TW-SS.pdf Graphic file (type pdf)
<use Chapters/stad1875-TW-SS.pdf, page 3>
Package pdftex.def Info: Chapters/stad1875-TW-SS.pdf , page3 used on input line
 34.
(pdftex.def)             Requested size: 537.75067pt x 706.69112pt.
 [65 <./Chapters/stad1875-TW-SS.pdf> <./Figures/ss_chapter_figures/recov_tests_
spot.png>]
File: Chapters/stad1875-TW-SS.pdf Graphic file (type pdf)
<use Chapters/stad1875-TW-SS.pdf>
Package pdftex.def Info: Chapters/stad1875-TW-SS.pdf  used on input line 43.
(pdftex.def)             Requested size: 597.5048pt x 785.21768pt.
File: Chapters/stad1875-TW-SS.pdf Graphic file (type pdf)
<use Chapters/stad1875-TW-SS.pdf>
Package pdftex.def Info: Chapters/stad1875-TW-SS.pdf  used on input line 43.
(pdftex.def)             Requested size: 597.5048pt x 785.21768pt.
<Chapters/stad1875-TW-SS.pdf, id=1958, page=4, 597.50627pt x 785.21959pt>
File: Chapters/stad1875-TW-SS.pdf Graphic file (type pdf)
<use Chapters/stad1875-TW-SS.pdf, page 4>
Package pdftex.def Info: Chapters/stad1875-TW-SS.pdf , page4 used on input line
 43.
(pdftex.def)             Requested size: 597.5048pt x 785.21768pt.
File: Chapters/stad1875-TW-SS.pdf Graphic file (type pdf)
<use Chapters/stad1875-TW-SS.pdf, page 4>
Package pdftex.def Info: Chapters/stad1875-TW-SS.pdf , page4 used on input line
 43.
(pdftex.def)             Requested size: 537.75067pt x 706.69112pt.
File: Chapters/stad1875-TW-SS.pdf Graphic file (type pdf)
<use Chapters/stad1875-TW-SS.pdf, page 4>
Package pdftex.def Info: Chapters/stad1875-TW-SS.pdf , page4 used on input line
 43.
(pdftex.def)             Requested size: 537.75067pt x 706.69112pt.
File: Chapters/stad1875-TW-SS.pdf Graphic file (type pdf)
<use Chapters/stad1875-TW-SS.pdf, page 4>
Package pdftex.def Info: Chapters/stad1875-TW-SS.pdf , page4 used on input line
 43.
(pdftex.def)             Requested size: 537.75067pt x 706.69112pt.
<Figures/ss_chapter_figures/recov_spot_param.png, id=1959, 578.16pt x 722.7pt>
File: Figures/ss_chapter_figures/recov_spot_param.png Graphic file (type png)
<use Figures/ss_chapter_figures/recov_spot_param.png>
Package pdftex.def Info: Figures/ss_chapter_figures/recov_spot_param.png  used 
on input line 43.
(pdftex.def)             Requested size: 208.73653pt x 260.92166pt.
File: Chapters/stad1875-TW-SS.pdf Graphic file (type pdf)
<use Chapters/stad1875-TW-SS.pdf, page 4>
Package pdftex.def Info: Chapters/stad1875-TW-SS.pdf , page4 used on input line
 43.
(pdftex.def)             Requested size: 537.75067pt x 706.69112pt.
 [66 <./Chapters/stad1875-TW-SS.pdf> <./Figures/ss_chapter_figures/recov_spot_p
aram.png>]
File: Chapters/stad1875-TW-SS.pdf Graphic file (type pdf)
<use Chapters/stad1875-TW-SS.pdf>
Package pdftex.def Info: Chapters/stad1875-TW-SS.pdf  used on input line 52.
(pdftex.def)             Requested size: 597.5048pt x 785.21768pt.
File: Chapters/stad1875-TW-SS.pdf Graphic file (type pdf)
<use Chapters/stad1875-TW-SS.pdf>
Package pdftex.def Info: Chapters/stad1875-TW-SS.pdf  used on input line 52.
(pdftex.def)             Requested size: 597.5048pt x 785.21768pt.
<Chapters/stad1875-TW-SS.pdf, id=1973, page=5, 597.50627pt x 785.21959pt>
File: Chapters/stad1875-TW-SS.pdf Graphic file (type pdf)
<use Chapters/stad1875-TW-SS.pdf, page 5>
Package pdftex.def Info: Chapters/stad1875-TW-SS.pdf , page5 used on input line
 52.
(pdftex.def)             Requested size: 597.5048pt x 785.21768pt.
File: Chapters/stad1875-TW-SS.pdf Graphic file (type pdf)
<use Chapters/stad1875-TW-SS.pdf, page 5>
Package pdftex.def Info: Chapters/stad1875-TW-SS.pdf , page5 used on input line
 52.
(pdftex.def)             Requested size: 537.75067pt x 706.69112pt.
File: Chapters/stad1875-TW-SS.pdf Graphic file (type pdf)
<use Chapters/stad1875-TW-SS.pdf, page 5>
Package pdftex.def Info: Chapters/stad1875-TW-SS.pdf , page5 used on input line
 52.
(pdftex.def)             Requested size: 537.75067pt x 706.69112pt.
File: Chapters/stad1875-TW-SS.pdf Graphic file (type pdf)
<use Chapters/stad1875-TW-SS.pdf, page 5>
Package pdftex.def Info: Chapters/stad1875-TW-SS.pdf , page5 used on input line
 52.
(pdftex.def)             Requested size: 537.75067pt x 706.69112pt.
<Figures/ss_chapter_figures/recov_tests_full.png, id=1974, 1084.05pt x 722.7pt>

File: Figures/ss_chapter_figures/recov_tests_full.png Graphic file (type png)
<use Figures/ss_chapter_figures/recov_tests_full.png>
Package pdftex.def Info: Figures/ss_chapter_figures/recov_tests_full.png  used 
on input line 52.
(pdftex.def)             Requested size: 417.47307pt x 278.31203pt.
File: Chapters/stad1875-TW-SS.pdf Graphic file (type pdf)
<use Chapters/stad1875-TW-SS.pdf, page 5>
Package pdftex.def Info: Chapters/stad1875-TW-SS.pdf , page5 used on input line
 52.
(pdftex.def)             Requested size: 537.75067pt x 706.69112pt.
 [67 <./Chapters/stad1875-TW-SS.pdf> <./Figures/ss_chapter_figures/recov_tests_
full.png>]
File: Chapters/stad1875-TW-SS.pdf Graphic file (type pdf)
<use Chapters/stad1875-TW-SS.pdf>
Package pdftex.def Info: Chapters/stad1875-TW-SS.pdf  used on input line 60.
(pdftex.def)             Requested size: 597.5048pt x 785.21768pt.
File: Chapters/stad1875-TW-SS.pdf Graphic file (type pdf)
<use Chapters/stad1875-TW-SS.pdf>
Package pdftex.def Info: Chapters/stad1875-TW-SS.pdf  used on input line 60.
(pdftex.def)             Requested size: 597.5048pt x 785.21768pt.
<Chapters/stad1875-TW-SS.pdf, id=1988, page=6, 597.50627pt x 785.21959pt>
File: Chapters/stad1875-TW-SS.pdf Graphic file (type pdf)
<use Chapters/stad1875-TW-SS.pdf, page 6>
Package pdftex.def Info: Chapters/stad1875-TW-SS.pdf , page6 used on input line
 60.
(pdftex.def)             Requested size: 597.5048pt x 785.21768pt.
File: Chapters/stad1875-TW-SS.pdf Graphic file (type pdf)
<use Chapters/stad1875-TW-SS.pdf, page 6>
Package pdftex.def Info: Chapters/stad1875-TW-SS.pdf , page6 used on input line
 60.
(pdftex.def)             Requested size: 537.75067pt x 706.69112pt.
File: Chapters/stad1875-TW-SS.pdf Graphic file (type pdf)
<use Chapters/stad1875-TW-SS.pdf, page 6>
Package pdftex.def Info: Chapters/stad1875-TW-SS.pdf , page6 used on input line
 60.
(pdftex.def)             Requested size: 537.75067pt x 706.69112pt.
File: Chapters/stad1875-TW-SS.pdf Graphic file (type pdf)
<use Chapters/stad1875-TW-SS.pdf, page 6>
Package pdftex.def Info: Chapters/stad1875-TW-SS.pdf , page6 used on input line
 60.
(pdftex.def)             Requested size: 537.75067pt x 706.69112pt.
<Figures/ss_chapter_figures/full_results_teff.png, id=1989, 1300.86pt x 867.24p
t>
File: Figures/ss_chapter_figures/full_results_teff.png Graphic file (type png)
<use Figures/ss_chapter_figures/full_results_teff.png>
Package pdftex.def Info: Figures/ss_chapter_figures/full_results_teff.png  used
 on input line 60.
(pdftex.def)             Requested size: 417.47307pt x 278.31645pt.
File: Chapters/stad1875-TW-SS.pdf Graphic file (type pdf)
<use Chapters/stad1875-TW-SS.pdf, page 6>
Package pdftex.def Info: Chapters/stad1875-TW-SS.pdf , page6 used on input line
 60.
(pdftex.def)             Requested size: 537.75067pt x 706.69112pt.

[68 <./Chapters/stad1875-TW-SS.pdf> <./Figures/ss_chapter_figures/full_results_
teff.png>]
File: Chapters/stad1875-TW-SS.pdf Graphic file (type pdf)
<use Chapters/stad1875-TW-SS.pdf>
Package pdftex.def Info: Chapters/stad1875-TW-SS.pdf  used on input line 68.
(pdftex.def)             Requested size: 597.5048pt x 785.21768pt.
File: Chapters/stad1875-TW-SS.pdf Graphic file (type pdf)
<use Chapters/stad1875-TW-SS.pdf>
Package pdftex.def Info: Chapters/stad1875-TW-SS.pdf  used on input line 68.
(pdftex.def)             Requested size: 597.5048pt x 785.21768pt.
<Chapters/stad1875-TW-SS.pdf, id=2001, page=7, 597.50627pt x 785.21959pt>
File: Chapters/stad1875-TW-SS.pdf Graphic file (type pdf)
<use Chapters/stad1875-TW-SS.pdf, page 7>
Package pdftex.def Info: Chapters/stad1875-TW-SS.pdf , page7 used on input line
 68.
(pdftex.def)             Requested size: 597.5048pt x 785.21768pt.
File: Chapters/stad1875-TW-SS.pdf Graphic file (type pdf)
<use Chapters/stad1875-TW-SS.pdf, page 7>
Package pdftex.def Info: Chapters/stad1875-TW-SS.pdf , page7 used on input line
 68.
(pdftex.def)             Requested size: 537.75067pt x 706.69112pt.
File: Chapters/stad1875-TW-SS.pdf Graphic file (type pdf)
<use Chapters/stad1875-TW-SS.pdf, page 7>
Package pdftex.def Info: Chapters/stad1875-TW-SS.pdf , page7 used on input line
 68.
(pdftex.def)             Requested size: 537.75067pt x 706.69112pt.
File: Chapters/stad1875-TW-SS.pdf Graphic file (type pdf)
<use Chapters/stad1875-TW-SS.pdf, page 7>
Package pdftex.def Info: Chapters/stad1875-TW-SS.pdf , page7 used on input line
 68.
(pdftex.def)             Requested size: 537.75067pt x 706.69112pt.
<Figures/ss_chapter_figures/full_results.png, id=2002, 1300.86pt x 867.24pt>
File: Figures/ss_chapter_figures/full_results.png Graphic file (type png)
<use Figures/ss_chapter_figures/full_results.png>
Package pdftex.def Info: Figures/ss_chapter_figures/full_results.png  used on i
nput line 68.
(pdftex.def)             Requested size: 417.47307pt x 278.31645pt.
File: Chapters/stad1875-TW-SS.pdf Graphic file (type pdf)
<use Chapters/stad1875-TW-SS.pdf, page 7>
Package pdftex.def Info: Chapters/stad1875-TW-SS.pdf , page7 used on input line
 68.
(pdftex.def)             Requested size: 537.75067pt x 706.69112pt.
 [69 <./Chapters/stad1875-TW-SS.pdf> <./Figures/ss_chapter_figures/full_results
.png>]
File: Chapters/stad1875-TW-SS.pdf Graphic file (type pdf)
<use Chapters/stad1875-TW-SS.pdf>
Package pdftex.def Info: Chapters/stad1875-TW-SS.pdf  used on input line 76.
(pdftex.def)             Requested size: 597.5048pt x 785.21768pt.
File: Chapters/stad1875-TW-SS.pdf Graphic file (type pdf)
<use Chapters/stad1875-TW-SS.pdf>
Package pdftex.def Info: Chapters/stad1875-TW-SS.pdf  used on input line 76.
(pdftex.def)             Requested size: 597.5048pt x 785.21768pt.
<Chapters/stad1875-TW-SS.pdf, id=2014, page=8, 597.50627pt x 785.21959pt>
File: Chapters/stad1875-TW-SS.pdf Graphic file (type pdf)
<use Chapters/stad1875-TW-SS.pdf, page 8>
Package pdftex.def Info: Chapters/stad1875-TW-SS.pdf , page8 used on input line
 76.
(pdftex.def)             Requested size: 597.5048pt x 785.21768pt.
File: Chapters/stad1875-TW-SS.pdf Graphic file (type pdf)
<use Chapters/stad1875-TW-SS.pdf, page 8>
Package pdftex.def Info: Chapters/stad1875-TW-SS.pdf , page8 used on input line
 76.
(pdftex.def)             Requested size: 537.75067pt x 706.69112pt.
File: Chapters/stad1875-TW-SS.pdf Graphic file (type pdf)
<use Chapters/stad1875-TW-SS.pdf, page 8>
Package pdftex.def Info: Chapters/stad1875-TW-SS.pdf , page8 used on input line
 76.
(pdftex.def)             Requested size: 537.75067pt x 706.69112pt.
File: Chapters/stad1875-TW-SS.pdf Graphic file (type pdf)
<use Chapters/stad1875-TW-SS.pdf, page 8>
Package pdftex.def Info: Chapters/stad1875-TW-SS.pdf , page8 used on input line
 76.
(pdftex.def)             Requested size: 537.75067pt x 706.69112pt.
<Figures/ss_chapter_figures/med_age.png, id=2015, 867.24pt x 505.89pt>
File: Figures/ss_chapter_figures/med_age.png Graphic file (type png)
<use Figures/ss_chapter_figures/med_age.png>
Package pdftex.def Info: Figures/ss_chapter_figures/med_age.png  used on input 
line 76.
(pdftex.def)             Requested size: 208.73653pt x 121.76344pt.
File: Chapters/stad1875-TW-SS.pdf Graphic file (type pdf)
<use Chapters/stad1875-TW-SS.pdf, page 8>
Package pdftex.def Info: Chapters/stad1875-TW-SS.pdf , page8 used on input line
 76.
(pdftex.def)             Requested size: 537.75067pt x 706.69112pt.
 [70 <./Chapters/stad1875-TW-SS.pdf> <./Figures/ss_chapter_figures/med_age.png>
]
File: Chapters/stad1875-TW-SS.pdf Graphic file (type pdf)
<use Chapters/stad1875-TW-SS.pdf>
Package pdftex.def Info: Chapters/stad1875-TW-SS.pdf  used on input line 77.
(pdftex.def)             Requested size: 597.5048pt x 785.21768pt.
File: Chapters/stad1875-TW-SS.pdf Graphic file (type pdf)
<use Chapters/stad1875-TW-SS.pdf>
Package pdftex.def Info: Chapters/stad1875-TW-SS.pdf  used on input line 77.
(pdftex.def)             Requested size: 597.5048pt x 785.21768pt.
<Chapters/stad1875-TW-SS.pdf, id=2028, page=9, 597.50627pt x 785.21959pt>
File: Chapters/stad1875-TW-SS.pdf Graphic file (type pdf)
<use Chapters/stad1875-TW-SS.pdf, page 9>
Package pdftex.def Info: Chapters/stad1875-TW-SS.pdf , page9 used on input line
 77.
(pdftex.def)             Requested size: 597.5048pt x 785.21768pt.
File: Chapters/stad1875-TW-SS.pdf Graphic file (type pdf)
<use Chapters/stad1875-TW-SS.pdf, page 9>
Package pdftex.def Info: Chapters/stad1875-TW-SS.pdf , page9 used on input line
 77.
(pdftex.def)             Requested size: 537.75067pt x 706.69112pt.
File: Chapters/stad1875-TW-SS.pdf Graphic file (type pdf)
<use Chapters/stad1875-TW-SS.pdf, page 9>
Package pdftex.def Info: Chapters/stad1875-TW-SS.pdf , page9 used on input line
 77.
(pdftex.def)             Requested size: 537.75067pt x 706.69112pt.
File: Chapters/stad1875-TW-SS.pdf Graphic file (type pdf)
<use Chapters/stad1875-TW-SS.pdf, page 9>
Package pdftex.def Info: Chapters/stad1875-TW-SS.pdf , page9 used on input line
 77.
(pdftex.def)             Requested size: 537.75067pt x 706.69112pt.
File: Chapters/stad1875-TW-SS.pdf Graphic file (type pdf)
<use Chapters/stad1875-TW-SS.pdf, page 9>
Package pdftex.def Info: Chapters/stad1875-TW-SS.pdf , page9 used on input line
 77.
(pdftex.def)             Requested size: 537.75067pt x 706.69112pt.
 [71 <./Chapters/stad1875-TW-SS.pdf>])
(./Chapters/rotational_peropd_gap_chapter_update.tex
Chapter 4.
------------------------------------------------------------------------------
 4 The Intermediate Period Gap
------------------------------------------------------------------------------
[72

] [73] [74] [75] [76] [77] [78] [79] [80]
<Figures/rot_gap_figures/HR.png, id=2188, 878.68275pt x 458.6736pt>
File: Figures/rot_gap_figures/HR.png Graphic file (type png)
<use Figures/rot_gap_figures/HR.png>
Package pdftex.def Info: Figures/rot_gap_figures/HR.png  used on input line 194
.
(pdftex.def)             Requested size: 417.47307pt x 217.9212pt.
<Figures/rot_gap_figures/rotational_dist.png, id=2189, 918.67215pt x 458.6736pt
>
File: Figures/rot_gap_figures/rotational_dist.png Graphic file (type png)
<use Figures/rot_gap_figures/rotational_dist.png>
Package pdftex.def Info: Figures/rot_gap_figures/rotational_dist.png  used on i
nput line 202.
(pdftex.def)             Requested size: 417.47307pt x 208.43785pt.
 [81] [82 <./Figures/rot_gap_figures/HR.png> <./Figures/rot_gap_figures/rotatio
nal_dist.png>]
<Figures/rot_gap_figures/rot_dist_binned.png, id=2211, 804.96735pt x 458.6736pt
>
File: Figures/rot_gap_figures/rot_dist_binned.png Graphic file (type png)
<use Figures/rot_gap_figures/rot_dist_binned.png>
Package pdftex.def Info: Figures/rot_gap_figures/rot_dist_binned.png  used on i
nput line 221.
(pdftex.def)             Requested size: 417.47307pt x 237.88174pt.
 [83 <./Figures/rot_gap_figures/rot_dist_binned.png>]
<Figures/rot_gap_figures/rot_vs_rper_minima.png, id=2224, 782.56364pt x 2532.58
17pt>
File: Figures/rot_gap_figures/rot_vs_rper_minima.png Graphic file (type png)
<use Figures/rot_gap_figures/rot_vs_rper_minima.png>
Package pdftex.def Info: Figures/rot_gap_figures/rot_vs_rper_minima.png  used o
n input line 248.
(pdftex.def)             Requested size: 208.73653pt x 675.53639pt.


LaTeX Warning: Float too large for page by 60.56331pt on input line 252.

<Figures/rot_gap_figures/rot_dist_minima_shown.png, id=2225, 620.19705pt x 426.
8748pt>
File: Figures/rot_gap_figures/rot_dist_minima_shown.png Graphic file (type png)

<use Figures/rot_gap_figures/rot_dist_minima_shown.png>
Package pdftex.def Info: Figures/rot_gap_figures/rot_dist_minima_shown.png  use
d on input line 256.
(pdftex.def)             Requested size: 417.47307pt x 287.3399pt.
[84] [85 <./Figures/rot_gap_figures/rot_vs_rper_minima.png>]
<Figures/rot_gap_figures/per_vs_colour.png, id=2236, 833.15265pt x 2532.5817pt>

File: Figures/rot_gap_figures/per_vs_colour.png Graphic file (type png)
<use Figures/rot_gap_figures/per_vs_colour.png>
Package pdftex.def Info: Figures/rot_gap_figures/per_vs_colour.png  used on inp
ut line 274.
(pdftex.def)             Requested size: 208.73653pt x 634.49641pt.


LaTeX Warning: Float too large for page by 19.52333pt on input line 278.

[86 <./Figures/rot_gap_figures/rot_dist_minima_shown.png>] [87 <./Figures/rot_g
ap_figures/per_vs_colour.png>]

Package hyperref Warning: Token not allowed in a PDF string (Unicode):
(hyperref)                removing `math shift' on input line 289.


Package hyperref Warning: Token not allowed in a PDF string (Unicode):
(hyperref)                removing `\mathop' on input line 289.


Package hyperref Warning: Token not allowed in a PDF string (Unicode):
(hyperref)                removing `\mathgroup' on input line 289.


Package hyperref Warning: Token not allowed in a PDF string (Unicode):
(hyperref)                removing `\symoperators' on input line 289.


Package hyperref Warning: Token not allowed in a PDF string (Unicode):
(hyperref)                removing `\@ifnextchar' on input line 289.


Package hyperref Warning: Token not allowed in a PDF string (Unicode):
(hyperref)                removing `superscript' on input line 289.


Package hyperref Warning: Token not allowed in a PDF string (Unicode):
(hyperref)                removing `subscript' on input line 289.


Package hyperref Warning: Token not allowed in a PDF string (Unicode):
(hyperref)                removing `math shift' on input line 289.


Overfull \hbox (8.17258pt too wide) in paragraph at lines 297--301
[][][]\OT1/cmr/m/n/10.95 Zhang et al.[][] ([][]2020[][]) ex-tracted the chro-mo
-spheric mag-netic ac-tiv-ity in-dexes, S and $[]  \OML/cmm/m/it/10.95 R[]$\OT1
/cmr/m/n/10.95 ,
 []

[88]
<Figures/rot_gap_figures/rotational_dist_rhk.png, id=2260, 923.73105pt x 458.67
36pt>
File: Figures/rot_gap_figures/rotational_dist_rhk.png Graphic file (type png)
<use Figures/rot_gap_figures/rotational_dist_rhk.png>
Package pdftex.def Info: Figures/rot_gap_figures/rotational_dist_rhk.png  used 
on input line 309.
(pdftex.def)             Requested size: 417.47307pt x 207.29005pt.
 [89 <./Figures/rot_gap_figures/rotational_dist_rhk.png>]
<Figures/rot_gap_figures/rot_vs_rper_rhk_minima.png, id=2268, 809.1831pt x 1140
.54105pt>
File: Figures/rot_gap_figures/rot_vs_rper_rhk_minima.png Graphic file (type png
)
<use Figures/rot_gap_figures/rot_vs_rper_rhk_minima.png>
Package pdftex.def Info: Figures/rot_gap_figures/rot_vs_rper_rhk_minima.png  us
ed on input line 325.
(pdftex.def)             Requested size: 417.47307pt x 588.4381pt.
 [90] [91 <./Figures/rot_gap_figures/rot_vs_rper_rhk_minima.png>]
<Figures/rot_gap_figures/HR_mag_and_non_rot.png, id=2286, 858.44714pt x 723.061
36pt>
File: Figures/rot_gap_figures/HR_mag_and_non_rot.png Graphic file (type png)
<use Figures/rot_gap_figures/HR_mag_and_non_rot.png>
Package pdftex.def Info: Figures/rot_gap_figures/HR_mag_and_non_rot.png  used o
n input line 369.
(pdftex.def)             Requested size: 417.47307pt x 351.63318pt.
 [92]
<Figures/rot_gap_figures/pdf_cdf.png, id=2295, 754.13745pt x 453.73515pt>
File: Figures/rot_gap_figures/pdf_cdf.png Graphic file (type png)
<use Figures/rot_gap_figures/pdf_cdf.png>
Package pdftex.def Info: Figures/rot_gap_figures/pdf_cdf.png  used on input lin
e 388.
(pdftex.def)             Requested size: 417.47307pt x 251.17519pt.
 [93 <./Figures/rot_gap_figures/HR_mag_and_non_rot.png>]
<Figures/rot_gap_figures/detection_efficiency.png, id=2303, 880.60995pt x 731.4
9284pt>
File: Figures/rot_gap_figures/detection_efficiency.png Graphic file (type png)
<use Figures/rot_gap_figures/detection_efficiency.png>
Package pdftex.def Info: Figures/rot_gap_figures/detection_efficiency.png  used
 on input line 404.
(pdftex.def)             Requested size: 417.47307pt x 346.78185pt.
 [94 <./Figures/rot_gap_figures/pdf_cdf.png>]
[95 <./Figures/rot_gap_figures/detection_efficiency.png>]
<Figures/rot_gap_figures/hist_obs.png, id=2321, 677.1699pt x 450.2421pt>
File: Figures/rot_gap_figures/hist_obs.png Graphic file (type png)
<use Figures/rot_gap_figures/hist_obs.png>
Package pdftex.def Info: Figures/rot_gap_figures/hist_obs.png  used on input li
ne 441.
(pdftex.def)             Requested size: 417.47307pt x 277.57394pt.
 [96]
<Figures/rot_gap_figures/n_col.png, id=2327, 782.56364pt x 1168.48544pt>
File: Figures/rot_gap_figures/n_col.png Graphic file (type png)
<use Figures/rot_gap_figures/n_col.png>
Package pdftex.def Info: Figures/rot_gap_figures/n_col.png  used on input line 
459.
(pdftex.def)             Requested size: 417.47307pt x 623.3595pt.


LaTeX Warning: Float too large for page by 8.38641pt on input line 464.

[97 <./Figures/rot_gap_figures/hist_obs.png>]
<Figures/rot_gap_figures/stars_donot_fullgap.png, id=2334, 723.78406pt x 450.24
21pt>
File: Figures/rot_gap_figures/stars_donot_fullgap.png Graphic file (type png)
<use Figures/rot_gap_figures/stars_donot_fullgap.png>
Package pdftex.def Info: Figures/rot_gap_figures/stars_donot_fullgap.png  used 
on input line 478.
(pdftex.def)             Requested size: 417.47307pt x 259.691pt.
 [98] [99 <./Figures/rot_gap_figures/n_col.png>] [100 <./Figures/rot_gap_figure
s/stars_donot_fullgap.png>]
[101] [102]

LaTeX Warning: Reference `fig:compar_diff_rot' on page 103 undefined on input l
ine 583.

[103] [104] [105]
<Figures/rot_gap_figures/comparison_diffrot.png, id=2438, 670.30424pt x 457.830
44pt>
File: Figures/rot_gap_figures/comparison_diffrot.png Graphic file (type png)
<use Figures/rot_gap_figures/comparison_diffrot.png>
Package pdftex.def Info: Figures/rot_gap_figures/comparison_diffrot.png  used o
n input line 639.
(pdftex.def)             Requested size: 417.47307pt x 285.14433pt.
<Figures/rot_gap_figures/comparison_observed_rot_periods.png, id=2447, 764.0143
4pt x 524.80064pt>
File: Figures/rot_gap_figures/comparison_observed_rot_periods.png Graphic file 
(type png)
<use Figures/rot_gap_figures/comparison_observed_rot_periods.png>
Package pdftex.def Info: Figures/rot_gap_figures/comparison_observed_rot_period
s.png  used on input line 648.
(pdftex.def)             Requested size: 417.47307pt x 286.7594pt.
<Figures/rot_gap_figures/comp_dist.png, id=2450, 1232.08305pt x 911.44514pt>
File: Figures/rot_gap_figures/comp_dist.png Graphic file (type png)
<use Figures/rot_gap_figures/comp_dist.png>
Package pdftex.def Info: Figures/rot_gap_figures/comp_dist.png  used on input l
ine 657.
(pdftex.def)             Requested size: 417.47307pt x 308.83028pt.


LaTeX Warning: Reference `fig:comp_fig' on page 106 undefined on input line 660
.


LaTeX Warning: Reference `fig:comp_fig' on page 106 undefined on input line 660
.

<Figures/rot_gap_figures/comp_hist.png, id=2457, 1290.86266pt x 911.44514pt>
File: Figures/rot_gap_figures/comp_hist.png Graphic file (type png)
<use Figures/rot_gap_figures/comp_hist.png>
Package pdftex.def Info: Figures/rot_gap_figures/comp_hist.png  used on input l
ine 666.
(pdftex.def)             Requested size: 417.47307pt x 294.76978pt.
[106 <./Figures/rot_gap_figures/comparison_diffrot.png>]

Package natbib Warning: Citation `reinhold_transition_2018' on page 107 undefin
ed on input line 681.

[107 <./Figures/rot_gap_figures/comparison_observed_rot_periods.png>] [108 <./F
igures/rot_gap_figures/comp_dist.png>] [109 <./Figures/rot_gap_figures/comp_his
t.png>] [110] [111] [112] [113]) (./Chapters/conclusion_chapter.tex [114]
Chapter 5.
------------------------------------------------------------------------------
 5 Summary, Conclusions and Future Work
------------------------------------------------------------------------------
[115

] [116] [117] [118] [119]

Package natbib Warning: Citation `aigrain_testing_2015' on page 120 undefined o
n input line 97.


LaTeX Warning: Reference `sec:intro_diff_rot_techniques' on page 120 undefined 
on input line 98.

[120]

Package natbib Warning: Citation `claytor_recovery_2023' on page 121 undefined 
on input line 116.

[121]) (./Thesis.bbl [122] [123

] [124] [125] [126] [127] [128] [129] [130]
[131])

Package natbib Warning: There were undefined citations.

[132] (./Thesis.aux)

LaTeX Warning: There were undefined references.

Package rerunfilecheck Info: File `Thesis.out' has not changed.
(rerunfilecheck)             Checksum: 7A48CDE182A103878F6ECB590DA08EE7;9257.
 ) 
Here is how much of TeX's memory you used:
 16499 strings out of 478268
 280015 string characters out of 5846348
 571200 words of memory out of 5000000
 33907 multiletter control sequences out of 15000+600000
 487433 words of font info for 95 fonts, out of 8000000 for 9000
 1141 hyphenation exceptions out of 8191
 75i,18n,77p,1313b,766s stack positions out of 10000i,1000n,20000p,200000b,200000s
{/usr/local/texlive/2022/texmf-dist/fonts/enc/dvips/cm-super/cm-super-ts1.enc
}</usr/local/texlive/2022/texmf-dist/fonts/type1/public/amsfonts/cm/cmbx10.pfb>
</usr/local/texlive/2022/texmf-dist/fonts/type1/public/amsfonts/cm/cmbx12.pfb><
/usr/local/texlive/2022/texmf-dist/fonts/type1/public/amsfonts/cm/cmbx9.pfb></u
sr/local/texlive/2022/texmf-dist/fonts/type1/public/amsfonts/cm/cmbxsl10.pfb></
usr/local/texlive/2022/texmf-dist/fonts/type1/public/amsfonts/cm/cmcsc10.pfb></
usr/local/texlive/2022/texmf-dist/fonts/type1/public/amsfonts/cm/cmex10.pfb></u
sr/local/texlive/2022/texmf-dist/fonts/type1/public/amsfonts/cmextra/cmex9.pfb>
</usr/local/texlive/2022/texmf-dist/fonts/type1/public/amsfonts/cm/cmmi10.pfb><
/usr/local/texlive/2022/texmf-dist/fonts/type1/public/amsfonts/cm/cmmi12.pfb></
usr/local/texlive/2022/texmf-dist/fonts/type1/public/amsfonts/cm/cmmi6.pfb></us
r/local/texlive/2022/texmf-dist/fonts/type1/public/amsfonts/cm/cmmi7.pfb></usr/
local/texlive/2022/texmf-dist/fonts/type1/public/amsfonts/cm/cmmi8.pfb></usr/lo
cal/texlive/2022/texmf-dist/fonts/type1/public/amsfonts/cm/cmmi9.pfb></usr/loca
l/texlive/2022/texmf-dist/fonts/type1/public/amsfonts/cm/cmr10.pfb></usr/local/
texlive/2022/texmf-dist/fonts/type1/public/amsfonts/cm/cmr12.pfb></usr/local/te
xlive/2022/texmf-dist/fonts/type1/public/amsfonts/cm/cmr17.pfb></usr/local/texl
ive/2022/texmf-dist/fonts/type1/public/amsfonts/cm/cmr6.pfb></usr/local/texlive
/2022/texmf-dist/fonts/type1/public/amsfonts/cm/cmr7.pfb></usr/local/texlive/20
22/texmf-dist/fonts/type1/public/amsfonts/cm/cmr8.pfb></usr/local/texlive/2022/
texmf-dist/fonts/type1/public/amsfonts/cm/cmr9.pfb></usr/local/texlive/2022/tex
mf-dist/fonts/type1/public/amsfonts/cm/cmsl10.pfb></usr/local/texlive/2022/texm
f-dist/fonts/type1/public/amsfonts/cm/cmsy10.pfb></usr/local/texlive/2022/texmf
-dist/fonts/type1/public/amsfonts/cm/cmsy6.pfb></usr/local/texlive/2022/texmf-d
ist/fonts/type1/public/amsfonts/cm/cmsy7.pfb></usr/local/texlive/2022/texmf-dis
t/fonts/type1/public/amsfonts/cm/cmsy8.pfb></usr/local/texlive/2022/texmf-dist/
fonts/type1/public/amsfonts/cm/cmsy9.pfb></usr/local/texlive/2022/texmf-dist/fo
nts/type1/public/amsfonts/cm/cmti10.pfb></usr/local/texlive/2022/texmf-dist/fon
ts/type1/public/amsfonts/cm/cmti9.pfb></usr/local/texlive/2022/texmf-dist/fonts
/type1/public/amsfonts/cm/cmtt10.pfb></usr/local/texlive/2022/texmf-dist/fonts/
type1/public/amsfonts/euler/eurm10.pfb></usr/local/texlive/2022/texmf-dist/font
s/type1/public/mathabx-type1/mathb8.pfb></usr/local/texlive/2022/texmf-dist/fon
ts/type1/public/amsfonts/symbols/msam10.pfb></usr/local/texlive/2022/texmf-dist
/fonts/type1/public/cm-super/sfrm0800.pfb></usr/local/texlive/2022/texmf-dist/f
onts/type1/public/cm-super/sfrm1095.pfb>
Output written on Thesis.pdf (147 pages, 47483473 bytes).
PDF statistics:
 3072 PDF objects out of 3580 (max. 8388607)
 2477 compressed objects within 25 object streams
 461 named destinations out of 1000 (max. 500000)
 832 words of extra memory for PDF output out of 10000 (max. 10000000)

